
*** Running vivado
    with args -log adder_toplevel.vds -m64 -product Vivado -mode batch -messageDb vivado.pb -notrace -source adder_toplevel.tcl



****** Vivado v2022.2 (64-bit)
  **** SW Build 3671981 on Fri Oct 14 05:00:03 MDT 2022
  **** IP Build 3669848 on Fri Oct 14 08:30:02 MDT 2022
    ** Copyright 1986-2022 Xilinx, Inc. All Rights Reserved.

source adder_toplevel.tcl -notrace
Command: read_checkpoint -auto_incremental -incremental C:/Users/yunxuan5/ECE385/lab3/lab3.srcs/utils_1/imports/synth_1/adder_toplevel.dcp
INFO: [Vivado 12-5825] Read reference checkpoint from C:/Users/yunxuan5/ECE385/lab3/lab3.srcs/utils_1/imports/synth_1/adder_toplevel.dcp for incremental synthesis
INFO: [Vivado 12-7989] Please ensure there are no constraint changes
Command: synth_design -top adder_toplevel -part xc7s50csga324-1
Starting synth_design
Attempting to get a license for feature 'Synthesis' and/or device 'xc7s50'
INFO: [Common 17-349] Got license for feature 'Synthesis' and/or device 'xc7s50'
INFO: [Device 21-403] Loading part xc7s50csga324-1
INFO: [Designutils 20-5440] No compile time benefit to using incremental synthesis; A full resynthesis will be run
INFO: [Designutils 20-4379] Flow is switching to default flow due to incremental criteria not met. If you would like to alter this behaviour and have the flow terminate instead, please set the following parameter config_implementation {autoIncr.Synth.RejectBehavior Terminate}
INFO: [Synth 8-7079] Multithreading enabled for synth_design using a maximum of 2 processes.
INFO: [Synth 8-7078] Launching helper process for spawning children vivado processes
INFO: [Synth 8-7075] Helper process launched with PID 6232
INFO: [Synth 8-11241] undeclared symbol 'REGCCE', assumed default net type 'wire' [C:/Xilinx/Vivado/2022.2/data/verilog/src/unimacro/BRAM_SINGLE_MACRO.v:2170]
---------------------------------------------------------------------------------
Starting RTL Elaboration : Time (s): cpu = 00:00:04 ; elapsed = 00:00:05 . Memory (MB): peak = 1810.051 ; gain = 410.082
---------------------------------------------------------------------------------
INFO: [Synth 8-6157] synthesizing module 'adder_toplevel' [C:/Users/yunxuan5/ECE385/lab3_provided_9_11/design_source/adder_toplevel.sv:8]
INFO: [Synth 8-6157] synthesizing module 'control' [C:/Users/yunxuan5/ECE385/lab3_provided_9_11/design_source/control.sv:5]
INFO: [Synth 8-294] found qualifier unique on case statement: implementing as parallel_case [C:/Users/yunxuan5/ECE385/lab3_provided_9_11/design_source/control.sv:32]
INFO: [Synth 8-155] case statement is not full and has no default [C:/Users/yunxuan5/ECE385/lab3_provided_9_11/design_source/control.sv:47]
INFO: [Synth 8-6155] done synthesizing module 'control' (0#1) [C:/Users/yunxuan5/ECE385/lab3_provided_9_11/design_source/control.sv:5]
INFO: [Synth 8-6157] synthesizing module 'mux2_1_17' [C:/Users/yunxuan5/ECE385/lab3_provided_9_11/design_source/mux2_1_17.sv:1]
INFO: [Synth 8-294] found qualifier unique on case statement: implementing as parallel_case [C:/Users/yunxuan5/ECE385/lab3_provided_9_11/design_source/mux2_1_17.sv:9]
INFO: [Synth 8-6155] done synthesizing module 'mux2_1_17' (0#1) [C:/Users/yunxuan5/ECE385/lab3_provided_9_11/design_source/mux2_1_17.sv:1]
INFO: [Synth 8-6157] synthesizing module 'reg_17' [C:/Users/yunxuan5/ECE385/lab3_provided_9_11/design_source/reg_17.sv:1]
INFO: [Synth 8-6155] done synthesizing module 'reg_17' (0#1) [C:/Users/yunxuan5/ECE385/lab3_provided_9_11/design_source/reg_17.sv:1]
INFO: [Synth 8-6157] synthesizing module 'select_adder' [C:/Users/yunxuan5/ECE385/lab3_provided_9_11/design_source/select_adder.sv:18]
INFO: [Synth 8-6157] synthesizing module 'ripple_adder4' [C:/Users/yunxuan5/ECE385/lab3_provided_9_11/design_source/select_adder.sv:6]
INFO: [Synth 8-6157] synthesizing module 'full_adder' [C:/Users/yunxuan5/ECE385/lab3_provided_9_11/design_source/ripple_adder.sv:1]
INFO: [Synth 8-6155] done synthesizing module 'full_adder' (0#1) [C:/Users/yunxuan5/ECE385/lab3_provided_9_11/design_source/ripple_adder.sv:1]
INFO: [Synth 8-6155] done synthesizing module 'ripple_adder4' (0#1) [C:/Users/yunxuan5/ECE385/lab3_provided_9_11/design_source/select_adder.sv:6]
INFO: [Synth 8-6155] done synthesizing module 'select_adder' (0#1) [C:/Users/yunxuan5/ECE385/lab3_provided_9_11/design_source/select_adder.sv:18]
INFO: [Synth 8-6157] synthesizing module 'HexDriver' [C:/Users/yunxuan5/ECE385/lab3_provided_9_11/design_source/hex.sv:1]
INFO: [Synth 8-6157] synthesizing module 'nibble_to_hex' [C:/Users/yunxuan5/ECE385/lab3_provided_9_11/design_source/hex.sv:11]
INFO: [Synth 8-6155] done synthesizing module 'nibble_to_hex' (0#1) [C:/Users/yunxuan5/ECE385/lab3_provided_9_11/design_source/hex.sv:11]
INFO: [Synth 8-6157] synthesizing module 'nibble_to_hex' [C:/Users/yunxuan5/ECE385/lab3_provided_9_11/design_source/hex.sv:11]
INFO: [Synth 8-6155] done synthesizing module 'nibble_to_hex' (0#1) [C:/Users/yunxuan5/ECE385/lab3_provided_9_11/design_source/hex.sv:11]
INFO: [Synth 8-6157] synthesizing module 'nibble_to_hex' [C:/Users/yunxuan5/ECE385/lab3_provided_9_11/design_source/hex.sv:11]
INFO: [Synth 8-6155] done synthesizing module 'nibble_to_hex' (0#1) [C:/Users/yunxuan5/ECE385/lab3_provided_9_11/design_source/hex.sv:11]
INFO: [Synth 8-6157] synthesizing module 'nibble_to_hex' [C:/Users/yunxuan5/ECE385/lab3_provided_9_11/design_source/hex.sv:11]
INFO: [Synth 8-6155] done synthesizing module 'nibble_to_hex' (0#1) [C:/Users/yunxuan5/ECE385/lab3_provided_9_11/design_source/hex.sv:11]
INFO: [Synth 8-6155] done synthesizing module 'HexDriver' (0#1) [C:/Users/yunxuan5/ECE385/lab3_provided_9_11/design_source/hex.sv:1]
INFO: [Synth 8-6155] done synthesizing module 'adder_toplevel' (0#1) [C:/Users/yunxuan5/ECE385/lab3_provided_9_11/design_source/adder_toplevel.sv:8]
---------------------------------------------------------------------------------
Finished RTL Elaboration : Time (s): cpu = 00:00:06 ; elapsed = 00:00:06 . Memory (MB): peak = 1900.676 ; gain = 500.707
---------------------------------------------------------------------------------
---------------------------------------------------------------------------------
Start Handling Custom Attributes
---------------------------------------------------------------------------------
---------------------------------------------------------------------------------
Finished Handling Custom Attributes : Time (s): cpu = 00:00:06 ; elapsed = 00:00:06 . Memory (MB): peak = 1900.676 ; gain = 500.707
---------------------------------------------------------------------------------
---------------------------------------------------------------------------------
Finished RTL Optimization Phase 1 : Time (s): cpu = 00:00:06 ; elapsed = 00:00:06 . Memory (MB): peak = 1900.676 ; gain = 500.707
---------------------------------------------------------------------------------
Netlist sorting complete. Time (s): cpu = 00:00:00 ; elapsed = 00:00:00.003 . Memory (MB): peak = 1900.676 ; gain = 0.000
INFO: [Project 1-570] Preparing netlist for logic optimization

Processing XDC Constraints
Initializing timing engine
Parsing XDC File [C:/Users/yunxuan5/ECE385/lab3/lab3.srcs/constrs_1/new/lab3.xdc]
Finished Parsing XDC File [C:/Users/yunxuan5/ECE385/lab3/lab3.srcs/constrs_1/new/lab3.xdc]
INFO: [Project 1-236] Implementation specific constraints were found while reading constraint file [C:/Users/yunxuan5/ECE385/lab3/lab3.srcs/constrs_1/new/lab3.xdc]. These constraints will be ignored for synthesis but will be used in implementation. Impacted constraints are listed in the file [.Xil/adder_toplevel_propImpl.xdc].
Resolution: To avoid this warning, move constraints listed in [.Xil/adder_toplevel_propImpl.xdc] to another XDC file and exclude this new file from synthesis with the used_in_synthesis property (File Properties dialog in GUI) and re-run elaboration/synthesis.
Completed Processing XDC Constraints

Netlist sorting complete. Time (s): cpu = 00:00:00 ; elapsed = 00:00:00.001 . Memory (MB): peak = 1969.641 ; gain = 0.000
INFO: [Project 1-111] Unisim Transformation Summary:
No Unisim elements were transformed.

Constraint Validation Runtime : Time (s): cpu = 00:00:00 ; elapsed = 00:00:00.003 . Memory (MB): peak = 1969.641 ; gain = 0.000
INFO: [Designutils 20-5440] No compile time benefit to using incremental synthesis; A full resynthesis will be run
INFO: [Designutils 20-4379] Flow is switching to default flow due to incremental criteria not met. If you would like to alter this behaviour and have the flow terminate instead, please set the following parameter config_implementation {autoIncr.Synth.RejectBehavior Terminate}
INFO: [Synth 8-11241] undeclared symbol 'REGCCE', assumed default net type 'wire' [C:/Xilinx/Vivado/2022.2/data/verilog/src/unimacro/BRAM_SINGLE_MACRO.v:2170]
---------------------------------------------------------------------------------
Finished Constraint Validation : Time (s): cpu = 00:00:12 ; elapsed = 00:00:13 . Memory (MB): peak = 1969.641 ; gain = 569.672
---------------------------------------------------------------------------------
---------------------------------------------------------------------------------
Start Loading Part and Timing Information
---------------------------------------------------------------------------------
Loading part: xc7s50csga324-1
---------------------------------------------------------------------------------
Finished Loading Part and Timing Information : Time (s): cpu = 00:00:12 ; elapsed = 00:00:13 . Memory (MB): peak = 1969.641 ; gain = 569.672
---------------------------------------------------------------------------------
---------------------------------------------------------------------------------
Start Applying 'set_property' XDC Constraints
---------------------------------------------------------------------------------
---------------------------------------------------------------------------------
Finished applying 'set_property' XDC Constraints : Time (s): cpu = 00:00:12 ; elapsed = 00:00:13 . Memory (MB): peak = 1969.641 ; gain = 569.672
---------------------------------------------------------------------------------
INFO: [Synth 8-802] inferred FSM for state register 'curr_state_reg' in module 'control'
---------------------------------------------------------------------------------------------------
                   State |                     New Encoding |                Previous Encoding 
---------------------------------------------------------------------------------------------------
                       A |                              001 |                              000
                       B |                              010 |                              001
                       C |                              100 |                              010
---------------------------------------------------------------------------------------------------
INFO: [Synth 8-3354] encoded FSM with state register 'curr_state_reg' using encoding 'one-hot' in module 'control'
---------------------------------------------------------------------------------
Finished RTL Optimization Phase 2 : Time (s): cpu = 00:00:12 ; elapsed = 00:00:13 . Memory (MB): peak = 1969.641 ; gain = 569.672
---------------------------------------------------------------------------------
---------------------------------------------------------------------------------
Start RTL Component Statistics 
---------------------------------------------------------------------------------
Detailed RTL Component Info : 
+---Adders : 
	   2 Input   16 Bit       Adders := 1     
+---XORs : 
	   3 Input      1 Bit         XORs := 28    
+---Registers : 
	               17 Bit    Registers := 1     
	               16 Bit    Registers := 1     
+---Muxes : 
	   2 Input   17 Bit        Muxes := 1     
	   3 Input   16 Bit        Muxes := 1     
	   4 Input    8 Bit        Muxes := 2     
	   2 Input    8 Bit        Muxes := 2     
	   2 Input    4 Bit        Muxes := 3     
	   5 Input    4 Bit        Muxes := 2     
	   3 Input    1 Bit        Muxes := 2     
	   2 Input    1 Bit        Muxes := 3     
---------------------------------------------------------------------------------
Finished RTL Component Statistics 
---------------------------------------------------------------------------------
---------------------------------------------------------------------------------
Start Part Resource Summary
---------------------------------------------------------------------------------
Part Resources:
DSPs: 120 (col length:60)
BRAMs: 150 (col length: RAMB18 60 RAMB36 30)
---------------------------------------------------------------------------------
Finished Part Resource Summary
---------------------------------------------------------------------------------
---------------------------------------------------------------------------------
Start Cross Boundary and Area Optimization
---------------------------------------------------------------------------------
WARNING: [Synth 8-7080] Parallel synthesis criteria is not met
WARNING: [Synth 8-3917] design adder_toplevel has port hex_segA[7] driven by constant 1
WARNING: [Synth 8-3917] design adder_toplevel has port hex_segB[7] driven by constant 1
---------------------------------------------------------------------------------
Finished Cross Boundary and Area Optimization : Time (s): cpu = 00:00:16 ; elapsed = 00:00:17 . Memory (MB): peak = 1969.641 ; gain = 569.672
---------------------------------------------------------------------------------
---------------------------------------------------------------------------------
Start Applying XDC Timing Constraints
---------------------------------------------------------------------------------
---------------------------------------------------------------------------------
Finished Applying XDC Timing Constraints : Time (s): cpu = 00:00:20 ; elapsed = 00:00:22 . Memory (MB): peak = 1969.641 ; gain = 569.672
---------------------------------------------------------------------------------
---------------------------------------------------------------------------------
Start Timing Optimization
---------------------------------------------------------------------------------
---------------------------------------------------------------------------------
Finished Timing Optimization : Time (s): cpu = 00:00:20 ; elapsed = 00:00:22 . Memory (MB): peak = 1969.641 ; gain = 569.672
---------------------------------------------------------------------------------
---------------------------------------------------------------------------------
Start Technology Mapping
---------------------------------------------------------------------------------
---------------------------------------------------------------------------------
Finished Technology Mapping : Time (s): cpu = 00:00:21 ; elapsed = 00:00:22 . Memory (MB): peak = 1969.641 ; gain = 569.672
---------------------------------------------------------------------------------
---------------------------------------------------------------------------------
Start IO Insertion
---------------------------------------------------------------------------------
---------------------------------------------------------------------------------
Start Flattening Before IO Insertion
---------------------------------------------------------------------------------
---------------------------------------------------------------------------------
Finished Flattening Before IO Insertion
---------------------------------------------------------------------------------
---------------------------------------------------------------------------------
Start Final Netlist Cleanup
---------------------------------------------------------------------------------
---------------------------------------------------------------------------------
Finished Final Netlist Cleanup
---------------------------------------------------------------------------------
---------------------------------------------------------------------------------
Finished IO Insertion : Time (s): cpu = 00:00:25 ; elapsed = 00:00:26 . Memory (MB): peak = 1969.641 ; gain = 569.672
---------------------------------------------------------------------------------
---------------------------------------------------------------------------------
Start Renaming Generated Instances
---------------------------------------------------------------------------------
---------------------------------------------------------------------------------
Finished Renaming Generated Instances : Time (s): cpu = 00:00:25 ; elapsed = 00:00:26 . Memory (MB): peak = 1969.641 ; gain = 569.672
---------------------------------------------------------------------------------
---------------------------------------------------------------------------------
Start Rebuilding User Hierarchy
---------------------------------------------------------------------------------
---------------------------------------------------------------------------------
Finished Rebuilding User Hierarchy : Time (s): cpu = 00:00:25 ; elapsed = 00:00:26 . Memory (MB): peak = 1969.641 ; gain = 569.672
---------------------------------------------------------------------------------
---------------------------------------------------------------------------------
Start Renaming Generated Ports
---------------------------------------------------------------------------------
---------------------------------------------------------------------------------
Finished Renaming Generated Ports : Time (s): cpu = 00:00:25 ; elapsed = 00:00:26 . Memory (MB): peak = 1969.641 ; gain = 569.672
---------------------------------------------------------------------------------
---------------------------------------------------------------------------------
Start Handling Custom Attributes
---------------------------------------------------------------------------------
---------------------------------------------------------------------------------
Finished Handling Custom Attributes : Time (s): cpu = 00:00:25 ; elapsed = 00:00:26 . Memory (MB): peak = 1969.641 ; gain = 569.672
---------------------------------------------------------------------------------
---------------------------------------------------------------------------------
Start Renaming Generated Nets
---------------------------------------------------------------------------------
---------------------------------------------------------------------------------
Finished Renaming Generated Nets : Time (s): cpu = 00:00:25 ; elapsed = 00:00:26 . Memory (MB): peak = 1969.641 ; gain = 569.672
---------------------------------------------------------------------------------
---------------------------------------------------------------------------------
Start Writing Synthesis Report
---------------------------------------------------------------------------------

Report BlackBoxes: 
+-+--------------+----------+
| |BlackBox name |Instances |
+-+--------------+----------+
+-+--------------+----------+

Report Cell Usage: 
+------+-------+------+
|      |Cell   |Count |
+------+-------+------+
|1     |BUFG   |     1|
|2     |CARRY4 |     9|
|3     |LUT1   |     1|
|4     |LUT2   |     1|
|5     |LUT3   |    30|
|6     |LUT4   |    51|
|7     |LUT5   |    16|
|8     |LUT6   |    37|
|9     |FDCE   |    18|
|10    |FDPE   |     1|
|11    |FDRE   |    34|
|12    |IBUF   |    19|
|13    |OBUF   |    25|
+------+-------+------+
---------------------------------------------------------------------------------
Finished Writing Synthesis Report : Time (s): cpu = 00:00:25 ; elapsed = 00:00:26 . Memory (MB): peak = 1969.641 ; gain = 569.672
---------------------------------------------------------------------------------
Synthesis finished with 0 errors, 0 critical warnings and 3 warnings.
Synthesis Optimization Runtime : Time (s): cpu = 00:00:18 ; elapsed = 00:00:25 . Memory (MB): peak = 1969.641 ; gain = 500.707
Synthesis Optimization Complete : Time (s): cpu = 00:00:25 ; elapsed = 00:00:26 . Memory (MB): peak = 1969.641 ; gain = 569.672
INFO: [Project 1-571] Translating synthesized netlist
Netlist sorting complete. Time (s): cpu = 00:00:00 ; elapsed = 00:00:00.002 . Memory (MB): peak = 1969.641 ; gain = 0.000
INFO: [Netlist 29-17] Analyzing 9 Unisim elements for replacement
INFO: [Netlist 29-28] Unisim Transformation completed in 0 CPU seconds
INFO: [Project 1-570] Preparing netlist for logic optimization
INFO: [Opt 31-138] Pushed 0 inverter(s) to 0 load pin(s).
Netlist sorting complete. Time (s): cpu = 00:00:00 ; elapsed = 00:00:00 . Memory (MB): peak = 1969.641 ; gain = 0.000
INFO: [Project 1-111] Unisim Transformation Summary:
No Unisim elements were transformed.

Synth Design complete, checksum: 5ab389c0
INFO: [Common 17-83] Releasing license: Synthesis
52 Infos, 3 Warnings, 0 Critical Warnings and 0 Errors encountered.
synth_design completed successfully
synth_design: Time (s): cpu = 00:00:29 ; elapsed = 00:00:31 . Memory (MB): peak = 1969.641 ; gain = 943.227
INFO: [Common 17-1381] The checkpoint 'C:/Users/yunxuan5/ECE385/lab3/lab3.runs/synth_1/adder_toplevel.dcp' has been generated.
INFO: [runtcl-4] Executing : report_utilization -file adder_toplevel_utilization_synth.rpt -pb adder_toplevel_utilization_synth.pb
INFO: [Common 17-206] Exiting Vivado at Wed Sep 13 20:16:21 2023...
