GENOME NON_GENOME PIN 69: GENOME NON_GENOME PIN 23
GENOME NON_GENOME PIN 23: GENOME NON_GENOME PIN 69
INST hdmi_tx_v1_0__GC0 PIN 19: INST NON_GENOME PIN 29 TYPE 5
INST hdmi_tx_v1_0__GC0 PIN 20: INST NON_GENOME PIN 30 TYPE 5
INST hdmi_text_controller_v1_0__GC0 PIN 38: INST hdmi_text_controller_v1_0_AXI__GB1 PIN 1 TYPE 5
INST hdmi_text_controller_v1_0__GC0 PIN 39: INST hdmi_text_controller_v1_0_AXI__GB1 PIN 2 TYPE 5
INST hdmi_text_controller_v1_0__GC0 PIN 40: INST hdmi_text_controller_v1_0_AXI__GB1 PIN 3 TYPE 5
INST hdmi_text_controller_v1_0__GC0 PIN 41: INST hdmi_text_controller_v1_0_AXI__GB1 PIN 4 TYPE 5
INST hdmi_text_controller_v1_0__GC0 PIN 42: INST hdmi_text_controller_v1_0_AXI__GB1 PIN 5 TYPE 5
INST hdmi_text_controller_v1_0__GC0 PIN 43: INST hdmi_text_controller_v1_0_AXI__GB1 PIN 6 TYPE 5
INST hdmi_text_controller_v1_0__GC0 PIN 44: INST hdmi_text_controller_v1_0_AXI__GB1 PIN 7 TYPE 5
INST NON_GENOME PIN 27: INST hdmi_tx_v1_0__GC0 PIN 17 TYPE 0
INST NON_GENOME PIN 28: INST hdmi_tx_v1_0__GC0 PIN 18 TYPE 0
INST NON_GENOME PIN 31: INST hdmi_tx_v1_0__GC0 PIN 21 TYPE 0
INST NON_GENOME PIN 32: INST hdmi_tx_v1_0__GC0 PIN 22 TYPE 0
INST NON_GENOME PIN 33: INST hdmi_tx_v1_0__GC0 PIN 23 TYPE 0
INST NON_GENOME PIN 34: INST hdmi_tx_v1_0__GC0 PIN 24 TYPE 0
INST NON_GENOME PIN 35: INST hdmi_tx_v1_0__GC0 PIN 25 TYPE 0
INST NON_GENOME PIN 36: INST hdmi_tx_v1_0__GC0 PIN 26 TYPE 0
INST NON_GENOME PIN 37: INST hdmi_tx_v1_0__GC0 PIN 27 TYPE 0
INST NON_GENOME PIN 38: INST hdmi_tx_v1_0__GC0 PIN 28 TYPE 0
INST NON_GENOME PIN 39: INST hdmi_tx_v1_0__GC0 PIN 32 TYPE 0
INST hdmi_tx_v1_0__GC0 PIN 17: GENOME hdmi_tx_v1_0__GC0 PIN 17
INST hdmi_tx_v1_0__GC0 PIN 18: GENOME hdmi_tx_v1_0__GC0 PIN 18
INST hdmi_tx_v1_0__GC0 PIN 21: GENOME hdmi_tx_v1_0__GC0 PIN 21
INST hdmi_tx_v1_0__GC0 PIN 22: GENOME hdmi_tx_v1_0__GC0 PIN 22
INST hdmi_tx_v1_0__GC0 PIN 23: GENOME hdmi_tx_v1_0__GC0 PIN 23
INST hdmi_tx_v1_0__GC0 PIN 24: GENOME hdmi_tx_v1_0__GC0 PIN 24
INST hdmi_tx_v1_0__GC0 PIN 25: GENOME hdmi_tx_v1_0__GC0 PIN 25
INST hdmi_tx_v1_0__GC0 PIN 26: GENOME hdmi_tx_v1_0__GC0 PIN 26
INST hdmi_tx_v1_0__GC0 PIN 27: GENOME hdmi_tx_v1_0__GC0 PIN 27
INST hdmi_tx_v1_0__GC0 PIN 28: GENOME hdmi_tx_v1_0__GC0 PIN 28
INST hdmi_tx_v1_0__GC0 PIN 32: GENOME hdmi_tx_v1_0__GC0 PIN 32
INST hdmi_text_controller_v1_0__GC0 PIN 10: GENOME hdmi_text_controller_v1_0__GC0 PIN 10
INST hdmi_text_controller_v1_0__GC0 PIN 11: GENOME hdmi_text_controller_v1_0__GC0 PIN 11
INST hdmi_text_controller_v1_0__GC0 PIN 12: GENOME hdmi_text_controller_v1_0__GC0 PIN 12
INST hdmi_text_controller_v1_0__GC0 PIN 19: GENOME hdmi_text_controller_v1_0__GC0 PIN 19
INST hdmi_text_controller_v1_0__GC0 PIN 20: GENOME hdmi_text_controller_v1_0__GC0 PIN 20
INST hdmi_text_controller_v1_0__GC0 PIN 21: GENOME hdmi_text_controller_v1_0__GC0 PIN 21
INST hdmi_text_controller_v1_0__GC0 PIN 22: GENOME hdmi_text_controller_v1_0__GC0 PIN 22
