Copyright 1986-2022 Xilinx, Inc. All Rights Reserved.
-----------------------------------------------------------------------------------------------------------------------------------------------------------------
| Tool Version : Vivado v.2022.2 (win64) Build 3671981 Fri Oct 14 05:00:03 MDT 2022
| Date         : Thu Nov  2 18:02:26 2023
| Host         : ECEB-3070-02 running 64-bit major release  (build 9200)
| Command      : report_methodology -file top_level_methodology_drc_routed.rpt -pb top_level_methodology_drc_routed.pb -rpx top_level_methodology_drc_routed.rpx
| Design       : top_level
| Device       : xc7s50csga324-1
| Speed File   : -1
| Design State : Fully Routed
-----------------------------------------------------------------------------------------------------------------------------------------------------------------

Report Methodology

Table of Contents
-----------------
1. REPORT SUMMARY
2. REPORT DETAILS

1. REPORT SUMMARY
-----------------
            Netlist: netlist
          Floorplan: design_1
      Design limits: <entire design considered>
             Max violations: <unlimited>
             Violations found: 200
+-----------+----------+--------------------------------------------------------+------------+
| Rule      | Severity | Description                                            | Violations |
+-----------+----------+--------------------------------------------------------+------------+
| LUTAR-1   | Warning  | LUT drives async reset alert                           | 2          |
| TIMING-9  | Warning  | Unknown CDC Logic                                      | 1          |
| TIMING-18 | Warning  | Missing input or output delay                          | 3          |
| TIMING-20 | Warning  | Non-clocked latch                                      | 192        |
| XDCC-7    | Warning  | Scoped Clock constraint overwritten on the same source | 1          |
| LATCH-1   | Advisory | Existing latches in the design                         | 1          |
+-----------+----------+--------------------------------------------------------+------------+

2. REPORT DETAILS
-----------------
LUTAR-1#1 Warning
LUT drives async reset alert  
LUT cell mb_block_i/hdmi_text_controller_0/inst/vga_to_hdmi/inst/encr/oserdes_m_i_1, with 2 or more inputs, drives asynchronous preset/clear pin(s) mb_block_i/hdmi_text_controller_0/inst/vga_to_hdmi/inst/encg/dout_reg[9]/CLR,
mb_block_i/hdmi_text_controller_0/inst/vga_to_hdmi/inst/encr/cnt_reg[1]/CLR,
mb_block_i/hdmi_text_controller_0/inst/vga_to_hdmi/inst/encr/cnt_reg[2]/CLR,
mb_block_i/hdmi_text_controller_0/inst/vga_to_hdmi/inst/encr/cnt_reg[3]/CLR,
mb_block_i/hdmi_text_controller_0/inst/vga_to_hdmi/inst/encr/cnt_reg[4]/CLR,
mb_block_i/hdmi_text_controller_0/inst/vga_to_hdmi/inst/encr/dout_reg[0]/CLR,
mb_block_i/hdmi_text_controller_0/inst/vga_to_hdmi/inst/encr/dout_reg[1]/CLR,
mb_block_i/hdmi_text_controller_0/inst/vga_to_hdmi/inst/encr/dout_reg[2]/CLR,
mb_block_i/hdmi_text_controller_0/inst/vga_to_hdmi/inst/encr/dout_reg[3]/CLR,
mb_block_i/hdmi_text_controller_0/inst/vga_to_hdmi/inst/encr/dout_reg[4]/CLR,
mb_block_i/hdmi_text_controller_0/inst/vga_to_hdmi/inst/encr/dout_reg[5]/CLR,
mb_block_i/hdmi_text_controller_0/inst/vga_to_hdmi/inst/encr/dout_reg[6]/CLR,
mb_block_i/hdmi_text_controller_0/inst/vga_to_hdmi/inst/encr/dout_reg[7]/CLR,
mb_block_i/hdmi_text_controller_0/inst/vga_to_hdmi/inst/encr/dout_reg[8]/CLR,
mb_block_i/hdmi_text_controller_0/inst/vga_to_hdmi/inst/encr/dout_reg[9]/CLR
 (the first 15 of 42 listed). The LUT may glitch and trigger an unexpected reset, even if it is a properly timed path.
Related violations: <none>

LUTAR-1#2 Warning
LUT drives async reset alert  
LUT cell mb_block_i/mdm_1/U0/MDM_Core_I1/JTAG_CONTROL_I/sel_n_i_2, with 2 or more inputs, drives asynchronous preset/clear pin(s) mb_block_i/mdm_1/U0/MDM_Core_I1/JTAG_CONTROL_I/sel_n_reg/PRE. The LUT may glitch and trigger an unexpected reset, even if it is a properly timed path.
Related violations: <none>

TIMING-9#1 Warning
Unknown CDC Logic  
One or more asynchronous Clock Domain Crossing has been detected between 2 clock domains through a set_false_path or a set_clock_groups or set_max_delay -datapath_only constraint but no double-registers logic synchronizer has been found on the side of the capture clock. It is recommended to run report_cdc for a complete and detailed CDC coverage. Please consider using XPM_CDC to avoid Critical severities
Related violations: <none>

TIMING-18#1 Warning
Missing input or output delay  
An input delay is missing on reset_rtl_0 relative to clock(s) clk_100
Related violations: <none>

TIMING-18#2 Warning
Missing input or output delay  
An input delay is missing on uart_rtl_0_rxd relative to clock(s) clk_100
Related violations: <none>

TIMING-18#3 Warning
Missing input or output delay  
An output delay is missing on uart_rtl_0_txd relative to clock(s) clk_100
Related violations: <none>

TIMING-20#1 Warning
Non-clocked latch  
The latch mb_block_i/hdmi_text_controller_0/inst/hdmi_text_controller_v1_0_AXI_inst/color_reg[0][10] cannot be properly analyzed as its control pin mb_block_i/hdmi_text_controller_0/inst/hdmi_text_controller_v1_0_AXI_inst/color_reg[0][10]/G is not reached by a timing clock
Related violations: <none>

TIMING-20#2 Warning
Non-clocked latch  
The latch mb_block_i/hdmi_text_controller_0/inst/hdmi_text_controller_v1_0_AXI_inst/color_reg[0][11] cannot be properly analyzed as its control pin mb_block_i/hdmi_text_controller_0/inst/hdmi_text_controller_v1_0_AXI_inst/color_reg[0][11]/G is not reached by a timing clock
Related violations: <none>

TIMING-20#3 Warning
Non-clocked latch  
The latch mb_block_i/hdmi_text_controller_0/inst/hdmi_text_controller_v1_0_AXI_inst/color_reg[0][12] cannot be properly analyzed as its control pin mb_block_i/hdmi_text_controller_0/inst/hdmi_text_controller_v1_0_AXI_inst/color_reg[0][12]/G is not reached by a timing clock
Related violations: <none>

TIMING-20#4 Warning
Non-clocked latch  
The latch mb_block_i/hdmi_text_controller_0/inst/hdmi_text_controller_v1_0_AXI_inst/color_reg[0][1] cannot be properly analyzed as its control pin mb_block_i/hdmi_text_controller_0/inst/hdmi_text_controller_v1_0_AXI_inst/color_reg[0][1]/G is not reached by a timing clock
Related violations: <none>

TIMING-20#5 Warning
Non-clocked latch  
The latch mb_block_i/hdmi_text_controller_0/inst/hdmi_text_controller_v1_0_AXI_inst/color_reg[0][2] cannot be properly analyzed as its control pin mb_block_i/hdmi_text_controller_0/inst/hdmi_text_controller_v1_0_AXI_inst/color_reg[0][2]/G is not reached by a timing clock
Related violations: <none>

TIMING-20#6 Warning
Non-clocked latch  
The latch mb_block_i/hdmi_text_controller_0/inst/hdmi_text_controller_v1_0_AXI_inst/color_reg[0][3] cannot be properly analyzed as its control pin mb_block_i/hdmi_text_controller_0/inst/hdmi_text_controller_v1_0_AXI_inst/color_reg[0][3]/G is not reached by a timing clock
Related violations: <none>

TIMING-20#7 Warning
Non-clocked latch  
The latch mb_block_i/hdmi_text_controller_0/inst/hdmi_text_controller_v1_0_AXI_inst/color_reg[0][4] cannot be properly analyzed as its control pin mb_block_i/hdmi_text_controller_0/inst/hdmi_text_controller_v1_0_AXI_inst/color_reg[0][4]/G is not reached by a timing clock
Related violations: <none>

TIMING-20#8 Warning
Non-clocked latch  
The latch mb_block_i/hdmi_text_controller_0/inst/hdmi_text_controller_v1_0_AXI_inst/color_reg[0][5] cannot be properly analyzed as its control pin mb_block_i/hdmi_text_controller_0/inst/hdmi_text_controller_v1_0_AXI_inst/color_reg[0][5]/G is not reached by a timing clock
Related violations: <none>

TIMING-20#9 Warning
Non-clocked latch  
The latch mb_block_i/hdmi_text_controller_0/inst/hdmi_text_controller_v1_0_AXI_inst/color_reg[0][6] cannot be properly analyzed as its control pin mb_block_i/hdmi_text_controller_0/inst/hdmi_text_controller_v1_0_AXI_inst/color_reg[0][6]/G is not reached by a timing clock
Related violations: <none>

TIMING-20#10 Warning
Non-clocked latch  
The latch mb_block_i/hdmi_text_controller_0/inst/hdmi_text_controller_v1_0_AXI_inst/color_reg[0][7] cannot be properly analyzed as its control pin mb_block_i/hdmi_text_controller_0/inst/hdmi_text_controller_v1_0_AXI_inst/color_reg[0][7]/G is not reached by a timing clock
Related violations: <none>

TIMING-20#11 Warning
Non-clocked latch  
The latch mb_block_i/hdmi_text_controller_0/inst/hdmi_text_controller_v1_0_AXI_inst/color_reg[0][8] cannot be properly analyzed as its control pin mb_block_i/hdmi_text_controller_0/inst/hdmi_text_controller_v1_0_AXI_inst/color_reg[0][8]/G is not reached by a timing clock
Related violations: <none>

TIMING-20#12 Warning
Non-clocked latch  
The latch mb_block_i/hdmi_text_controller_0/inst/hdmi_text_controller_v1_0_AXI_inst/color_reg[0][9] cannot be properly analyzed as its control pin mb_block_i/hdmi_text_controller_0/inst/hdmi_text_controller_v1_0_AXI_inst/color_reg[0][9]/G is not reached by a timing clock
Related violations: <none>

TIMING-20#13 Warning
Non-clocked latch  
The latch mb_block_i/hdmi_text_controller_0/inst/hdmi_text_controller_v1_0_AXI_inst/color_reg[10][10] cannot be properly analyzed as its control pin mb_block_i/hdmi_text_controller_0/inst/hdmi_text_controller_v1_0_AXI_inst/color_reg[10][10]/G is not reached by a timing clock
Related violations: <none>

TIMING-20#14 Warning
Non-clocked latch  
The latch mb_block_i/hdmi_text_controller_0/inst/hdmi_text_controller_v1_0_AXI_inst/color_reg[10][11] cannot be properly analyzed as its control pin mb_block_i/hdmi_text_controller_0/inst/hdmi_text_controller_v1_0_AXI_inst/color_reg[10][11]/G is not reached by a timing clock
Related violations: <none>

TIMING-20#15 Warning
Non-clocked latch  
The latch mb_block_i/hdmi_text_controller_0/inst/hdmi_text_controller_v1_0_AXI_inst/color_reg[10][12] cannot be properly analyzed as its control pin mb_block_i/hdmi_text_controller_0/inst/hdmi_text_controller_v1_0_AXI_inst/color_reg[10][12]/G is not reached by a timing clock
Related violations: <none>

TIMING-20#16 Warning
Non-clocked latch  
The latch mb_block_i/hdmi_text_controller_0/inst/hdmi_text_controller_v1_0_AXI_inst/color_reg[10][1] cannot be properly analyzed as its control pin mb_block_i/hdmi_text_controller_0/inst/hdmi_text_controller_v1_0_AXI_inst/color_reg[10][1]/G is not reached by a timing clock
Related violations: <none>

TIMING-20#17 Warning
Non-clocked latch  
The latch mb_block_i/hdmi_text_controller_0/inst/hdmi_text_controller_v1_0_AXI_inst/color_reg[10][2] cannot be properly analyzed as its control pin mb_block_i/hdmi_text_controller_0/inst/hdmi_text_controller_v1_0_AXI_inst/color_reg[10][2]/G is not reached by a timing clock
Related violations: <none>

TIMING-20#18 Warning
Non-clocked latch  
The latch mb_block_i/hdmi_text_controller_0/inst/hdmi_text_controller_v1_0_AXI_inst/color_reg[10][3] cannot be properly analyzed as its control pin mb_block_i/hdmi_text_controller_0/inst/hdmi_text_controller_v1_0_AXI_inst/color_reg[10][3]/G is not reached by a timing clock
Related violations: <none>

TIMING-20#19 Warning
Non-clocked latch  
The latch mb_block_i/hdmi_text_controller_0/inst/hdmi_text_controller_v1_0_AXI_inst/color_reg[10][4] cannot be properly analyzed as its control pin mb_block_i/hdmi_text_controller_0/inst/hdmi_text_controller_v1_0_AXI_inst/color_reg[10][4]/G is not reached by a timing clock
Related violations: <none>

TIMING-20#20 Warning
Non-clocked latch  
The latch mb_block_i/hdmi_text_controller_0/inst/hdmi_text_controller_v1_0_AXI_inst/color_reg[10][5] cannot be properly analyzed as its control pin mb_block_i/hdmi_text_controller_0/inst/hdmi_text_controller_v1_0_AXI_inst/color_reg[10][5]/G is not reached by a timing clock
Related violations: <none>

TIMING-20#21 Warning
Non-clocked latch  
The latch mb_block_i/hdmi_text_controller_0/inst/hdmi_text_controller_v1_0_AXI_inst/color_reg[10][6] cannot be properly analyzed as its control pin mb_block_i/hdmi_text_controller_0/inst/hdmi_text_controller_v1_0_AXI_inst/color_reg[10][6]/G is not reached by a timing clock
Related violations: <none>

TIMING-20#22 Warning
Non-clocked latch  
The latch mb_block_i/hdmi_text_controller_0/inst/hdmi_text_controller_v1_0_AXI_inst/color_reg[10][7] cannot be properly analyzed as its control pin mb_block_i/hdmi_text_controller_0/inst/hdmi_text_controller_v1_0_AXI_inst/color_reg[10][7]/G is not reached by a timing clock
Related violations: <none>

TIMING-20#23 Warning
Non-clocked latch  
The latch mb_block_i/hdmi_text_controller_0/inst/hdmi_text_controller_v1_0_AXI_inst/color_reg[10][8] cannot be properly analyzed as its control pin mb_block_i/hdmi_text_controller_0/inst/hdmi_text_controller_v1_0_AXI_inst/color_reg[10][8]/G is not reached by a timing clock
Related violations: <none>

TIMING-20#24 Warning
Non-clocked latch  
The latch mb_block_i/hdmi_text_controller_0/inst/hdmi_text_controller_v1_0_AXI_inst/color_reg[10][9] cannot be properly analyzed as its control pin mb_block_i/hdmi_text_controller_0/inst/hdmi_text_controller_v1_0_AXI_inst/color_reg[10][9]/G is not reached by a timing clock
Related violations: <none>

TIMING-20#25 Warning
Non-clocked latch  
The latch mb_block_i/hdmi_text_controller_0/inst/hdmi_text_controller_v1_0_AXI_inst/color_reg[11][10] cannot be properly analyzed as its control pin mb_block_i/hdmi_text_controller_0/inst/hdmi_text_controller_v1_0_AXI_inst/color_reg[11][10]/G is not reached by a timing clock
Related violations: <none>

TIMING-20#26 Warning
Non-clocked latch  
The latch mb_block_i/hdmi_text_controller_0/inst/hdmi_text_controller_v1_0_AXI_inst/color_reg[11][11] cannot be properly analyzed as its control pin mb_block_i/hdmi_text_controller_0/inst/hdmi_text_controller_v1_0_AXI_inst/color_reg[11][11]/G is not reached by a timing clock
Related violations: <none>

TIMING-20#27 Warning
Non-clocked latch  
The latch mb_block_i/hdmi_text_controller_0/inst/hdmi_text_controller_v1_0_AXI_inst/color_reg[11][12] cannot be properly analyzed as its control pin mb_block_i/hdmi_text_controller_0/inst/hdmi_text_controller_v1_0_AXI_inst/color_reg[11][12]/G is not reached by a timing clock
Related violations: <none>

TIMING-20#28 Warning
Non-clocked latch  
The latch mb_block_i/hdmi_text_controller_0/inst/hdmi_text_controller_v1_0_AXI_inst/color_reg[11][1] cannot be properly analyzed as its control pin mb_block_i/hdmi_text_controller_0/inst/hdmi_text_controller_v1_0_AXI_inst/color_reg[11][1]/G is not reached by a timing clock
Related violations: <none>

TIMING-20#29 Warning
Non-clocked latch  
The latch mb_block_i/hdmi_text_controller_0/inst/hdmi_text_controller_v1_0_AXI_inst/color_reg[11][2] cannot be properly analyzed as its control pin mb_block_i/hdmi_text_controller_0/inst/hdmi_text_controller_v1_0_AXI_inst/color_reg[11][2]/G is not reached by a timing clock
Related violations: <none>

TIMING-20#30 Warning
Non-clocked latch  
The latch mb_block_i/hdmi_text_controller_0/inst/hdmi_text_controller_v1_0_AXI_inst/color_reg[11][3] cannot be properly analyzed as its control pin mb_block_i/hdmi_text_controller_0/inst/hdmi_text_controller_v1_0_AXI_inst/color_reg[11][3]/G is not reached by a timing clock
Related violations: <none>

TIMING-20#31 Warning
Non-clocked latch  
The latch mb_block_i/hdmi_text_controller_0/inst/hdmi_text_controller_v1_0_AXI_inst/color_reg[11][4] cannot be properly analyzed as its control pin mb_block_i/hdmi_text_controller_0/inst/hdmi_text_controller_v1_0_AXI_inst/color_reg[11][4]/G is not reached by a timing clock
Related violations: <none>

TIMING-20#32 Warning
Non-clocked latch  
The latch mb_block_i/hdmi_text_controller_0/inst/hdmi_text_controller_v1_0_AXI_inst/color_reg[11][5] cannot be properly analyzed as its control pin mb_block_i/hdmi_text_controller_0/inst/hdmi_text_controller_v1_0_AXI_inst/color_reg[11][5]/G is not reached by a timing clock
Related violations: <none>

TIMING-20#33 Warning
Non-clocked latch  
The latch mb_block_i/hdmi_text_controller_0/inst/hdmi_text_controller_v1_0_AXI_inst/color_reg[11][6] cannot be properly analyzed as its control pin mb_block_i/hdmi_text_controller_0/inst/hdmi_text_controller_v1_0_AXI_inst/color_reg[11][6]/G is not reached by a timing clock
Related violations: <none>

TIMING-20#34 Warning
Non-clocked latch  
The latch mb_block_i/hdmi_text_controller_0/inst/hdmi_text_controller_v1_0_AXI_inst/color_reg[11][7] cannot be properly analyzed as its control pin mb_block_i/hdmi_text_controller_0/inst/hdmi_text_controller_v1_0_AXI_inst/color_reg[11][7]/G is not reached by a timing clock
Related violations: <none>

TIMING-20#35 Warning
Non-clocked latch  
The latch mb_block_i/hdmi_text_controller_0/inst/hdmi_text_controller_v1_0_AXI_inst/color_reg[11][8] cannot be properly analyzed as its control pin mb_block_i/hdmi_text_controller_0/inst/hdmi_text_controller_v1_0_AXI_inst/color_reg[11][8]/G is not reached by a timing clock
Related violations: <none>

TIMING-20#36 Warning
Non-clocked latch  
The latch mb_block_i/hdmi_text_controller_0/inst/hdmi_text_controller_v1_0_AXI_inst/color_reg[11][9] cannot be properly analyzed as its control pin mb_block_i/hdmi_text_controller_0/inst/hdmi_text_controller_v1_0_AXI_inst/color_reg[11][9]/G is not reached by a timing clock
Related violations: <none>

TIMING-20#37 Warning
Non-clocked latch  
The latch mb_block_i/hdmi_text_controller_0/inst/hdmi_text_controller_v1_0_AXI_inst/color_reg[12][10] cannot be properly analyzed as its control pin mb_block_i/hdmi_text_controller_0/inst/hdmi_text_controller_v1_0_AXI_inst/color_reg[12][10]/G is not reached by a timing clock
Related violations: <none>

TIMING-20#38 Warning
Non-clocked latch  
The latch mb_block_i/hdmi_text_controller_0/inst/hdmi_text_controller_v1_0_AXI_inst/color_reg[12][11] cannot be properly analyzed as its control pin mb_block_i/hdmi_text_controller_0/inst/hdmi_text_controller_v1_0_AXI_inst/color_reg[12][11]/G is not reached by a timing clock
Related violations: <none>

TIMING-20#39 Warning
Non-clocked latch  
The latch mb_block_i/hdmi_text_controller_0/inst/hdmi_text_controller_v1_0_AXI_inst/color_reg[12][12] cannot be properly analyzed as its control pin mb_block_i/hdmi_text_controller_0/inst/hdmi_text_controller_v1_0_AXI_inst/color_reg[12][12]/G is not reached by a timing clock
Related violations: <none>

TIMING-20#40 Warning
Non-clocked latch  
The latch mb_block_i/hdmi_text_controller_0/inst/hdmi_text_controller_v1_0_AXI_inst/color_reg[12][1] cannot be properly analyzed as its control pin mb_block_i/hdmi_text_controller_0/inst/hdmi_text_controller_v1_0_AXI_inst/color_reg[12][1]/G is not reached by a timing clock
Related violations: <none>

TIMING-20#41 Warning
Non-clocked latch  
The latch mb_block_i/hdmi_text_controller_0/inst/hdmi_text_controller_v1_0_AXI_inst/color_reg[12][2] cannot be properly analyzed as its control pin mb_block_i/hdmi_text_controller_0/inst/hdmi_text_controller_v1_0_AXI_inst/color_reg[12][2]/G is not reached by a timing clock
Related violations: <none>

TIMING-20#42 Warning
Non-clocked latch  
The latch mb_block_i/hdmi_text_controller_0/inst/hdmi_text_controller_v1_0_AXI_inst/color_reg[12][3] cannot be properly analyzed as its control pin mb_block_i/hdmi_text_controller_0/inst/hdmi_text_controller_v1_0_AXI_inst/color_reg[12][3]/G is not reached by a timing clock
Related violations: <none>

TIMING-20#43 Warning
Non-clocked latch  
The latch mb_block_i/hdmi_text_controller_0/inst/hdmi_text_controller_v1_0_AXI_inst/color_reg[12][4] cannot be properly analyzed as its control pin mb_block_i/hdmi_text_controller_0/inst/hdmi_text_controller_v1_0_AXI_inst/color_reg[12][4]/G is not reached by a timing clock
Related violations: <none>

TIMING-20#44 Warning
Non-clocked latch  
The latch mb_block_i/hdmi_text_controller_0/inst/hdmi_text_controller_v1_0_AXI_inst/color_reg[12][5] cannot be properly analyzed as its control pin mb_block_i/hdmi_text_controller_0/inst/hdmi_text_controller_v1_0_AXI_inst/color_reg[12][5]/G is not reached by a timing clock
Related violations: <none>

TIMING-20#45 Warning
Non-clocked latch  
The latch mb_block_i/hdmi_text_controller_0/inst/hdmi_text_controller_v1_0_AXI_inst/color_reg[12][6] cannot be properly analyzed as its control pin mb_block_i/hdmi_text_controller_0/inst/hdmi_text_controller_v1_0_AXI_inst/color_reg[12][6]/G is not reached by a timing clock
Related violations: <none>

TIMING-20#46 Warning
Non-clocked latch  
The latch mb_block_i/hdmi_text_controller_0/inst/hdmi_text_controller_v1_0_AXI_inst/color_reg[12][7] cannot be properly analyzed as its control pin mb_block_i/hdmi_text_controller_0/inst/hdmi_text_controller_v1_0_AXI_inst/color_reg[12][7]/G is not reached by a timing clock
Related violations: <none>

TIMING-20#47 Warning
Non-clocked latch  
The latch mb_block_i/hdmi_text_controller_0/inst/hdmi_text_controller_v1_0_AXI_inst/color_reg[12][8] cannot be properly analyzed as its control pin mb_block_i/hdmi_text_controller_0/inst/hdmi_text_controller_v1_0_AXI_inst/color_reg[12][8]/G is not reached by a timing clock
Related violations: <none>

TIMING-20#48 Warning
Non-clocked latch  
The latch mb_block_i/hdmi_text_controller_0/inst/hdmi_text_controller_v1_0_AXI_inst/color_reg[12][9] cannot be properly analyzed as its control pin mb_block_i/hdmi_text_controller_0/inst/hdmi_text_controller_v1_0_AXI_inst/color_reg[12][9]/G is not reached by a timing clock
Related violations: <none>

TIMING-20#49 Warning
Non-clocked latch  
The latch mb_block_i/hdmi_text_controller_0/inst/hdmi_text_controller_v1_0_AXI_inst/color_reg[13][10] cannot be properly analyzed as its control pin mb_block_i/hdmi_text_controller_0/inst/hdmi_text_controller_v1_0_AXI_inst/color_reg[13][10]/G is not reached by a timing clock
Related violations: <none>

TIMING-20#50 Warning
Non-clocked latch  
The latch mb_block_i/hdmi_text_controller_0/inst/hdmi_text_controller_v1_0_AXI_inst/color_reg[13][11] cannot be properly analyzed as its control pin mb_block_i/hdmi_text_controller_0/inst/hdmi_text_controller_v1_0_AXI_inst/color_reg[13][11]/G is not reached by a timing clock
Related violations: <none>

TIMING-20#51 Warning
Non-clocked latch  
The latch mb_block_i/hdmi_text_controller_0/inst/hdmi_text_controller_v1_0_AXI_inst/color_reg[13][12] cannot be properly analyzed as its control pin mb_block_i/hdmi_text_controller_0/inst/hdmi_text_controller_v1_0_AXI_inst/color_reg[13][12]/G is not reached by a timing clock
Related violations: <none>

TIMING-20#52 Warning
Non-clocked latch  
The latch mb_block_i/hdmi_text_controller_0/inst/hdmi_text_controller_v1_0_AXI_inst/color_reg[13][1] cannot be properly analyzed as its control pin mb_block_i/hdmi_text_controller_0/inst/hdmi_text_controller_v1_0_AXI_inst/color_reg[13][1]/G is not reached by a timing clock
Related violations: <none>

TIMING-20#53 Warning
Non-clocked latch  
The latch mb_block_i/hdmi_text_controller_0/inst/hdmi_text_controller_v1_0_AXI_inst/color_reg[13][2] cannot be properly analyzed as its control pin mb_block_i/hdmi_text_controller_0/inst/hdmi_text_controller_v1_0_AXI_inst/color_reg[13][2]/G is not reached by a timing clock
Related violations: <none>

TIMING-20#54 Warning
Non-clocked latch  
The latch mb_block_i/hdmi_text_controller_0/inst/hdmi_text_controller_v1_0_AXI_inst/color_reg[13][3] cannot be properly analyzed as its control pin mb_block_i/hdmi_text_controller_0/inst/hdmi_text_controller_v1_0_AXI_inst/color_reg[13][3]/G is not reached by a timing clock
Related violations: <none>

TIMING-20#55 Warning
Non-clocked latch  
The latch mb_block_i/hdmi_text_controller_0/inst/hdmi_text_controller_v1_0_AXI_inst/color_reg[13][4] cannot be properly analyzed as its control pin mb_block_i/hdmi_text_controller_0/inst/hdmi_text_controller_v1_0_AXI_inst/color_reg[13][4]/G is not reached by a timing clock
Related violations: <none>

TIMING-20#56 Warning
Non-clocked latch  
The latch mb_block_i/hdmi_text_controller_0/inst/hdmi_text_controller_v1_0_AXI_inst/color_reg[13][5] cannot be properly analyzed as its control pin mb_block_i/hdmi_text_controller_0/inst/hdmi_text_controller_v1_0_AXI_inst/color_reg[13][5]/G is not reached by a timing clock
Related violations: <none>

TIMING-20#57 Warning
Non-clocked latch  
The latch mb_block_i/hdmi_text_controller_0/inst/hdmi_text_controller_v1_0_AXI_inst/color_reg[13][6] cannot be properly analyzed as its control pin mb_block_i/hdmi_text_controller_0/inst/hdmi_text_controller_v1_0_AXI_inst/color_reg[13][6]/G is not reached by a timing clock
Related violations: <none>

TIMING-20#58 Warning
Non-clocked latch  
The latch mb_block_i/hdmi_text_controller_0/inst/hdmi_text_controller_v1_0_AXI_inst/color_reg[13][7] cannot be properly analyzed as its control pin mb_block_i/hdmi_text_controller_0/inst/hdmi_text_controller_v1_0_AXI_inst/color_reg[13][7]/G is not reached by a timing clock
Related violations: <none>

TIMING-20#59 Warning
Non-clocked latch  
The latch mb_block_i/hdmi_text_controller_0/inst/hdmi_text_controller_v1_0_AXI_inst/color_reg[13][8] cannot be properly analyzed as its control pin mb_block_i/hdmi_text_controller_0/inst/hdmi_text_controller_v1_0_AXI_inst/color_reg[13][8]/G is not reached by a timing clock
Related violations: <none>

TIMING-20#60 Warning
Non-clocked latch  
The latch mb_block_i/hdmi_text_controller_0/inst/hdmi_text_controller_v1_0_AXI_inst/color_reg[13][9] cannot be properly analyzed as its control pin mb_block_i/hdmi_text_controller_0/inst/hdmi_text_controller_v1_0_AXI_inst/color_reg[13][9]/G is not reached by a timing clock
Related violations: <none>

TIMING-20#61 Warning
Non-clocked latch  
The latch mb_block_i/hdmi_text_controller_0/inst/hdmi_text_controller_v1_0_AXI_inst/color_reg[14][10] cannot be properly analyzed as its control pin mb_block_i/hdmi_text_controller_0/inst/hdmi_text_controller_v1_0_AXI_inst/color_reg[14][10]/G is not reached by a timing clock
Related violations: <none>

TIMING-20#62 Warning
Non-clocked latch  
The latch mb_block_i/hdmi_text_controller_0/inst/hdmi_text_controller_v1_0_AXI_inst/color_reg[14][11] cannot be properly analyzed as its control pin mb_block_i/hdmi_text_controller_0/inst/hdmi_text_controller_v1_0_AXI_inst/color_reg[14][11]/G is not reached by a timing clock
Related violations: <none>

TIMING-20#63 Warning
Non-clocked latch  
The latch mb_block_i/hdmi_text_controller_0/inst/hdmi_text_controller_v1_0_AXI_inst/color_reg[14][12] cannot be properly analyzed as its control pin mb_block_i/hdmi_text_controller_0/inst/hdmi_text_controller_v1_0_AXI_inst/color_reg[14][12]/G is not reached by a timing clock
Related violations: <none>

TIMING-20#64 Warning
Non-clocked latch  
The latch mb_block_i/hdmi_text_controller_0/inst/hdmi_text_controller_v1_0_AXI_inst/color_reg[14][1] cannot be properly analyzed as its control pin mb_block_i/hdmi_text_controller_0/inst/hdmi_text_controller_v1_0_AXI_inst/color_reg[14][1]/G is not reached by a timing clock
Related violations: <none>

TIMING-20#65 Warning
Non-clocked latch  
The latch mb_block_i/hdmi_text_controller_0/inst/hdmi_text_controller_v1_0_AXI_inst/color_reg[14][2] cannot be properly analyzed as its control pin mb_block_i/hdmi_text_controller_0/inst/hdmi_text_controller_v1_0_AXI_inst/color_reg[14][2]/G is not reached by a timing clock
Related violations: <none>

TIMING-20#66 Warning
Non-clocked latch  
The latch mb_block_i/hdmi_text_controller_0/inst/hdmi_text_controller_v1_0_AXI_inst/color_reg[14][3] cannot be properly analyzed as its control pin mb_block_i/hdmi_text_controller_0/inst/hdmi_text_controller_v1_0_AXI_inst/color_reg[14][3]/G is not reached by a timing clock
Related violations: <none>

TIMING-20#67 Warning
Non-clocked latch  
The latch mb_block_i/hdmi_text_controller_0/inst/hdmi_text_controller_v1_0_AXI_inst/color_reg[14][4] cannot be properly analyzed as its control pin mb_block_i/hdmi_text_controller_0/inst/hdmi_text_controller_v1_0_AXI_inst/color_reg[14][4]/G is not reached by a timing clock
Related violations: <none>

TIMING-20#68 Warning
Non-clocked latch  
The latch mb_block_i/hdmi_text_controller_0/inst/hdmi_text_controller_v1_0_AXI_inst/color_reg[14][5] cannot be properly analyzed as its control pin mb_block_i/hdmi_text_controller_0/inst/hdmi_text_controller_v1_0_AXI_inst/color_reg[14][5]/G is not reached by a timing clock
Related violations: <none>

TIMING-20#69 Warning
Non-clocked latch  
The latch mb_block_i/hdmi_text_controller_0/inst/hdmi_text_controller_v1_0_AXI_inst/color_reg[14][6] cannot be properly analyzed as its control pin mb_block_i/hdmi_text_controller_0/inst/hdmi_text_controller_v1_0_AXI_inst/color_reg[14][6]/G is not reached by a timing clock
Related violations: <none>

TIMING-20#70 Warning
Non-clocked latch  
The latch mb_block_i/hdmi_text_controller_0/inst/hdmi_text_controller_v1_0_AXI_inst/color_reg[14][7] cannot be properly analyzed as its control pin mb_block_i/hdmi_text_controller_0/inst/hdmi_text_controller_v1_0_AXI_inst/color_reg[14][7]/G is not reached by a timing clock
Related violations: <none>

TIMING-20#71 Warning
Non-clocked latch  
The latch mb_block_i/hdmi_text_controller_0/inst/hdmi_text_controller_v1_0_AXI_inst/color_reg[14][8] cannot be properly analyzed as its control pin mb_block_i/hdmi_text_controller_0/inst/hdmi_text_controller_v1_0_AXI_inst/color_reg[14][8]/G is not reached by a timing clock
Related violations: <none>

TIMING-20#72 Warning
Non-clocked latch  
The latch mb_block_i/hdmi_text_controller_0/inst/hdmi_text_controller_v1_0_AXI_inst/color_reg[14][9] cannot be properly analyzed as its control pin mb_block_i/hdmi_text_controller_0/inst/hdmi_text_controller_v1_0_AXI_inst/color_reg[14][9]/G is not reached by a timing clock
Related violations: <none>

TIMING-20#73 Warning
Non-clocked latch  
The latch mb_block_i/hdmi_text_controller_0/inst/hdmi_text_controller_v1_0_AXI_inst/color_reg[15][10] cannot be properly analyzed as its control pin mb_block_i/hdmi_text_controller_0/inst/hdmi_text_controller_v1_0_AXI_inst/color_reg[15][10]/G is not reached by a timing clock
Related violations: <none>

TIMING-20#74 Warning
Non-clocked latch  
The latch mb_block_i/hdmi_text_controller_0/inst/hdmi_text_controller_v1_0_AXI_inst/color_reg[15][11] cannot be properly analyzed as its control pin mb_block_i/hdmi_text_controller_0/inst/hdmi_text_controller_v1_0_AXI_inst/color_reg[15][11]/G is not reached by a timing clock
Related violations: <none>

TIMING-20#75 Warning
Non-clocked latch  
The latch mb_block_i/hdmi_text_controller_0/inst/hdmi_text_controller_v1_0_AXI_inst/color_reg[15][12] cannot be properly analyzed as its control pin mb_block_i/hdmi_text_controller_0/inst/hdmi_text_controller_v1_0_AXI_inst/color_reg[15][12]/G is not reached by a timing clock
Related violations: <none>

TIMING-20#76 Warning
Non-clocked latch  
The latch mb_block_i/hdmi_text_controller_0/inst/hdmi_text_controller_v1_0_AXI_inst/color_reg[15][1] cannot be properly analyzed as its control pin mb_block_i/hdmi_text_controller_0/inst/hdmi_text_controller_v1_0_AXI_inst/color_reg[15][1]/G is not reached by a timing clock
Related violations: <none>

TIMING-20#77 Warning
Non-clocked latch  
The latch mb_block_i/hdmi_text_controller_0/inst/hdmi_text_controller_v1_0_AXI_inst/color_reg[15][2] cannot be properly analyzed as its control pin mb_block_i/hdmi_text_controller_0/inst/hdmi_text_controller_v1_0_AXI_inst/color_reg[15][2]/G is not reached by a timing clock
Related violations: <none>

TIMING-20#78 Warning
Non-clocked latch  
The latch mb_block_i/hdmi_text_controller_0/inst/hdmi_text_controller_v1_0_AXI_inst/color_reg[15][3] cannot be properly analyzed as its control pin mb_block_i/hdmi_text_controller_0/inst/hdmi_text_controller_v1_0_AXI_inst/color_reg[15][3]/G is not reached by a timing clock
Related violations: <none>

TIMING-20#79 Warning
Non-clocked latch  
The latch mb_block_i/hdmi_text_controller_0/inst/hdmi_text_controller_v1_0_AXI_inst/color_reg[15][4] cannot be properly analyzed as its control pin mb_block_i/hdmi_text_controller_0/inst/hdmi_text_controller_v1_0_AXI_inst/color_reg[15][4]/G is not reached by a timing clock
Related violations: <none>

TIMING-20#80 Warning
Non-clocked latch  
The latch mb_block_i/hdmi_text_controller_0/inst/hdmi_text_controller_v1_0_AXI_inst/color_reg[15][5] cannot be properly analyzed as its control pin mb_block_i/hdmi_text_controller_0/inst/hdmi_text_controller_v1_0_AXI_inst/color_reg[15][5]/G is not reached by a timing clock
Related violations: <none>

TIMING-20#81 Warning
Non-clocked latch  
The latch mb_block_i/hdmi_text_controller_0/inst/hdmi_text_controller_v1_0_AXI_inst/color_reg[15][6] cannot be properly analyzed as its control pin mb_block_i/hdmi_text_controller_0/inst/hdmi_text_controller_v1_0_AXI_inst/color_reg[15][6]/G is not reached by a timing clock
Related violations: <none>

TIMING-20#82 Warning
Non-clocked latch  
The latch mb_block_i/hdmi_text_controller_0/inst/hdmi_text_controller_v1_0_AXI_inst/color_reg[15][7] cannot be properly analyzed as its control pin mb_block_i/hdmi_text_controller_0/inst/hdmi_text_controller_v1_0_AXI_inst/color_reg[15][7]/G is not reached by a timing clock
Related violations: <none>

TIMING-20#83 Warning
Non-clocked latch  
The latch mb_block_i/hdmi_text_controller_0/inst/hdmi_text_controller_v1_0_AXI_inst/color_reg[15][8] cannot be properly analyzed as its control pin mb_block_i/hdmi_text_controller_0/inst/hdmi_text_controller_v1_0_AXI_inst/color_reg[15][8]/G is not reached by a timing clock
Related violations: <none>

TIMING-20#84 Warning
Non-clocked latch  
The latch mb_block_i/hdmi_text_controller_0/inst/hdmi_text_controller_v1_0_AXI_inst/color_reg[15][9] cannot be properly analyzed as its control pin mb_block_i/hdmi_text_controller_0/inst/hdmi_text_controller_v1_0_AXI_inst/color_reg[15][9]/G is not reached by a timing clock
Related violations: <none>

TIMING-20#85 Warning
Non-clocked latch  
The latch mb_block_i/hdmi_text_controller_0/inst/hdmi_text_controller_v1_0_AXI_inst/color_reg[1][10] cannot be properly analyzed as its control pin mb_block_i/hdmi_text_controller_0/inst/hdmi_text_controller_v1_0_AXI_inst/color_reg[1][10]/G is not reached by a timing clock
Related violations: <none>

TIMING-20#86 Warning
Non-clocked latch  
The latch mb_block_i/hdmi_text_controller_0/inst/hdmi_text_controller_v1_0_AXI_inst/color_reg[1][11] cannot be properly analyzed as its control pin mb_block_i/hdmi_text_controller_0/inst/hdmi_text_controller_v1_0_AXI_inst/color_reg[1][11]/G is not reached by a timing clock
Related violations: <none>

TIMING-20#87 Warning
Non-clocked latch  
The latch mb_block_i/hdmi_text_controller_0/inst/hdmi_text_controller_v1_0_AXI_inst/color_reg[1][12] cannot be properly analyzed as its control pin mb_block_i/hdmi_text_controller_0/inst/hdmi_text_controller_v1_0_AXI_inst/color_reg[1][12]/G is not reached by a timing clock
Related violations: <none>

TIMING-20#88 Warning
Non-clocked latch  
The latch mb_block_i/hdmi_text_controller_0/inst/hdmi_text_controller_v1_0_AXI_inst/color_reg[1][1] cannot be properly analyzed as its control pin mb_block_i/hdmi_text_controller_0/inst/hdmi_text_controller_v1_0_AXI_inst/color_reg[1][1]/G is not reached by a timing clock
Related violations: <none>

TIMING-20#89 Warning
Non-clocked latch  
The latch mb_block_i/hdmi_text_controller_0/inst/hdmi_text_controller_v1_0_AXI_inst/color_reg[1][2] cannot be properly analyzed as its control pin mb_block_i/hdmi_text_controller_0/inst/hdmi_text_controller_v1_0_AXI_inst/color_reg[1][2]/G is not reached by a timing clock
Related violations: <none>

TIMING-20#90 Warning
Non-clocked latch  
The latch mb_block_i/hdmi_text_controller_0/inst/hdmi_text_controller_v1_0_AXI_inst/color_reg[1][3] cannot be properly analyzed as its control pin mb_block_i/hdmi_text_controller_0/inst/hdmi_text_controller_v1_0_AXI_inst/color_reg[1][3]/G is not reached by a timing clock
Related violations: <none>

TIMING-20#91 Warning
Non-clocked latch  
The latch mb_block_i/hdmi_text_controller_0/inst/hdmi_text_controller_v1_0_AXI_inst/color_reg[1][4] cannot be properly analyzed as its control pin mb_block_i/hdmi_text_controller_0/inst/hdmi_text_controller_v1_0_AXI_inst/color_reg[1][4]/G is not reached by a timing clock
Related violations: <none>

TIMING-20#92 Warning
Non-clocked latch  
The latch mb_block_i/hdmi_text_controller_0/inst/hdmi_text_controller_v1_0_AXI_inst/color_reg[1][5] cannot be properly analyzed as its control pin mb_block_i/hdmi_text_controller_0/inst/hdmi_text_controller_v1_0_AXI_inst/color_reg[1][5]/G is not reached by a timing clock
Related violations: <none>

TIMING-20#93 Warning
Non-clocked latch  
The latch mb_block_i/hdmi_text_controller_0/inst/hdmi_text_controller_v1_0_AXI_inst/color_reg[1][6] cannot be properly analyzed as its control pin mb_block_i/hdmi_text_controller_0/inst/hdmi_text_controller_v1_0_AXI_inst/color_reg[1][6]/G is not reached by a timing clock
Related violations: <none>

TIMING-20#94 Warning
Non-clocked latch  
The latch mb_block_i/hdmi_text_controller_0/inst/hdmi_text_controller_v1_0_AXI_inst/color_reg[1][7] cannot be properly analyzed as its control pin mb_block_i/hdmi_text_controller_0/inst/hdmi_text_controller_v1_0_AXI_inst/color_reg[1][7]/G is not reached by a timing clock
Related violations: <none>

TIMING-20#95 Warning
Non-clocked latch  
The latch mb_block_i/hdmi_text_controller_0/inst/hdmi_text_controller_v1_0_AXI_inst/color_reg[1][8] cannot be properly analyzed as its control pin mb_block_i/hdmi_text_controller_0/inst/hdmi_text_controller_v1_0_AXI_inst/color_reg[1][8]/G is not reached by a timing clock
Related violations: <none>

TIMING-20#96 Warning
Non-clocked latch  
The latch mb_block_i/hdmi_text_controller_0/inst/hdmi_text_controller_v1_0_AXI_inst/color_reg[1][9] cannot be properly analyzed as its control pin mb_block_i/hdmi_text_controller_0/inst/hdmi_text_controller_v1_0_AXI_inst/color_reg[1][9]/G is not reached by a timing clock
Related violations: <none>

TIMING-20#97 Warning
Non-clocked latch  
The latch mb_block_i/hdmi_text_controller_0/inst/hdmi_text_controller_v1_0_AXI_inst/color_reg[2][10] cannot be properly analyzed as its control pin mb_block_i/hdmi_text_controller_0/inst/hdmi_text_controller_v1_0_AXI_inst/color_reg[2][10]/G is not reached by a timing clock
Related violations: <none>

TIMING-20#98 Warning
Non-clocked latch  
The latch mb_block_i/hdmi_text_controller_0/inst/hdmi_text_controller_v1_0_AXI_inst/color_reg[2][11] cannot be properly analyzed as its control pin mb_block_i/hdmi_text_controller_0/inst/hdmi_text_controller_v1_0_AXI_inst/color_reg[2][11]/G is not reached by a timing clock
Related violations: <none>

TIMING-20#99 Warning
Non-clocked latch  
The latch mb_block_i/hdmi_text_controller_0/inst/hdmi_text_controller_v1_0_AXI_inst/color_reg[2][12] cannot be properly analyzed as its control pin mb_block_i/hdmi_text_controller_0/inst/hdmi_text_controller_v1_0_AXI_inst/color_reg[2][12]/G is not reached by a timing clock
Related violations: <none>

TIMING-20#100 Warning
Non-clocked latch  
The latch mb_block_i/hdmi_text_controller_0/inst/hdmi_text_controller_v1_0_AXI_inst/color_reg[2][1] cannot be properly analyzed as its control pin mb_block_i/hdmi_text_controller_0/inst/hdmi_text_controller_v1_0_AXI_inst/color_reg[2][1]/G is not reached by a timing clock
Related violations: <none>

TIMING-20#101 Warning
Non-clocked latch  
The latch mb_block_i/hdmi_text_controller_0/inst/hdmi_text_controller_v1_0_AXI_inst/color_reg[2][2] cannot be properly analyzed as its control pin mb_block_i/hdmi_text_controller_0/inst/hdmi_text_controller_v1_0_AXI_inst/color_reg[2][2]/G is not reached by a timing clock
Related violations: <none>

TIMING-20#102 Warning
Non-clocked latch  
The latch mb_block_i/hdmi_text_controller_0/inst/hdmi_text_controller_v1_0_AXI_inst/color_reg[2][3] cannot be properly analyzed as its control pin mb_block_i/hdmi_text_controller_0/inst/hdmi_text_controller_v1_0_AXI_inst/color_reg[2][3]/G is not reached by a timing clock
Related violations: <none>

TIMING-20#103 Warning
Non-clocked latch  
The latch mb_block_i/hdmi_text_controller_0/inst/hdmi_text_controller_v1_0_AXI_inst/color_reg[2][4] cannot be properly analyzed as its control pin mb_block_i/hdmi_text_controller_0/inst/hdmi_text_controller_v1_0_AXI_inst/color_reg[2][4]/G is not reached by a timing clock
Related violations: <none>

TIMING-20#104 Warning
Non-clocked latch  
The latch mb_block_i/hdmi_text_controller_0/inst/hdmi_text_controller_v1_0_AXI_inst/color_reg[2][5] cannot be properly analyzed as its control pin mb_block_i/hdmi_text_controller_0/inst/hdmi_text_controller_v1_0_AXI_inst/color_reg[2][5]/G is not reached by a timing clock
Related violations: <none>

TIMING-20#105 Warning
Non-clocked latch  
The latch mb_block_i/hdmi_text_controller_0/inst/hdmi_text_controller_v1_0_AXI_inst/color_reg[2][6] cannot be properly analyzed as its control pin mb_block_i/hdmi_text_controller_0/inst/hdmi_text_controller_v1_0_AXI_inst/color_reg[2][6]/G is not reached by a timing clock
Related violations: <none>

TIMING-20#106 Warning
Non-clocked latch  
The latch mb_block_i/hdmi_text_controller_0/inst/hdmi_text_controller_v1_0_AXI_inst/color_reg[2][7] cannot be properly analyzed as its control pin mb_block_i/hdmi_text_controller_0/inst/hdmi_text_controller_v1_0_AXI_inst/color_reg[2][7]/G is not reached by a timing clock
Related violations: <none>

TIMING-20#107 Warning
Non-clocked latch  
The latch mb_block_i/hdmi_text_controller_0/inst/hdmi_text_controller_v1_0_AXI_inst/color_reg[2][8] cannot be properly analyzed as its control pin mb_block_i/hdmi_text_controller_0/inst/hdmi_text_controller_v1_0_AXI_inst/color_reg[2][8]/G is not reached by a timing clock
Related violations: <none>

TIMING-20#108 Warning
Non-clocked latch  
The latch mb_block_i/hdmi_text_controller_0/inst/hdmi_text_controller_v1_0_AXI_inst/color_reg[2][9] cannot be properly analyzed as its control pin mb_block_i/hdmi_text_controller_0/inst/hdmi_text_controller_v1_0_AXI_inst/color_reg[2][9]/G is not reached by a timing clock
Related violations: <none>

TIMING-20#109 Warning
Non-clocked latch  
The latch mb_block_i/hdmi_text_controller_0/inst/hdmi_text_controller_v1_0_AXI_inst/color_reg[3][10] cannot be properly analyzed as its control pin mb_block_i/hdmi_text_controller_0/inst/hdmi_text_controller_v1_0_AXI_inst/color_reg[3][10]/G is not reached by a timing clock
Related violations: <none>

TIMING-20#110 Warning
Non-clocked latch  
The latch mb_block_i/hdmi_text_controller_0/inst/hdmi_text_controller_v1_0_AXI_inst/color_reg[3][11] cannot be properly analyzed as its control pin mb_block_i/hdmi_text_controller_0/inst/hdmi_text_controller_v1_0_AXI_inst/color_reg[3][11]/G is not reached by a timing clock
Related violations: <none>

TIMING-20#111 Warning
Non-clocked latch  
The latch mb_block_i/hdmi_text_controller_0/inst/hdmi_text_controller_v1_0_AXI_inst/color_reg[3][12] cannot be properly analyzed as its control pin mb_block_i/hdmi_text_controller_0/inst/hdmi_text_controller_v1_0_AXI_inst/color_reg[3][12]/G is not reached by a timing clock
Related violations: <none>

TIMING-20#112 Warning
Non-clocked latch  
The latch mb_block_i/hdmi_text_controller_0/inst/hdmi_text_controller_v1_0_AXI_inst/color_reg[3][1] cannot be properly analyzed as its control pin mb_block_i/hdmi_text_controller_0/inst/hdmi_text_controller_v1_0_AXI_inst/color_reg[3][1]/G is not reached by a timing clock
Related violations: <none>

TIMING-20#113 Warning
Non-clocked latch  
The latch mb_block_i/hdmi_text_controller_0/inst/hdmi_text_controller_v1_0_AXI_inst/color_reg[3][2] cannot be properly analyzed as its control pin mb_block_i/hdmi_text_controller_0/inst/hdmi_text_controller_v1_0_AXI_inst/color_reg[3][2]/G is not reached by a timing clock
Related violations: <none>

TIMING-20#114 Warning
Non-clocked latch  
The latch mb_block_i/hdmi_text_controller_0/inst/hdmi_text_controller_v1_0_AXI_inst/color_reg[3][3] cannot be properly analyzed as its control pin mb_block_i/hdmi_text_controller_0/inst/hdmi_text_controller_v1_0_AXI_inst/color_reg[3][3]/G is not reached by a timing clock
Related violations: <none>

TIMING-20#115 Warning
Non-clocked latch  
The latch mb_block_i/hdmi_text_controller_0/inst/hdmi_text_controller_v1_0_AXI_inst/color_reg[3][4] cannot be properly analyzed as its control pin mb_block_i/hdmi_text_controller_0/inst/hdmi_text_controller_v1_0_AXI_inst/color_reg[3][4]/G is not reached by a timing clock
Related violations: <none>

TIMING-20#116 Warning
Non-clocked latch  
The latch mb_block_i/hdmi_text_controller_0/inst/hdmi_text_controller_v1_0_AXI_inst/color_reg[3][5] cannot be properly analyzed as its control pin mb_block_i/hdmi_text_controller_0/inst/hdmi_text_controller_v1_0_AXI_inst/color_reg[3][5]/G is not reached by a timing clock
Related violations: <none>

TIMING-20#117 Warning
Non-clocked latch  
The latch mb_block_i/hdmi_text_controller_0/inst/hdmi_text_controller_v1_0_AXI_inst/color_reg[3][6] cannot be properly analyzed as its control pin mb_block_i/hdmi_text_controller_0/inst/hdmi_text_controller_v1_0_AXI_inst/color_reg[3][6]/G is not reached by a timing clock
Related violations: <none>

TIMING-20#118 Warning
Non-clocked latch  
The latch mb_block_i/hdmi_text_controller_0/inst/hdmi_text_controller_v1_0_AXI_inst/color_reg[3][7] cannot be properly analyzed as its control pin mb_block_i/hdmi_text_controller_0/inst/hdmi_text_controller_v1_0_AXI_inst/color_reg[3][7]/G is not reached by a timing clock
Related violations: <none>

TIMING-20#119 Warning
Non-clocked latch  
The latch mb_block_i/hdmi_text_controller_0/inst/hdmi_text_controller_v1_0_AXI_inst/color_reg[3][8] cannot be properly analyzed as its control pin mb_block_i/hdmi_text_controller_0/inst/hdmi_text_controller_v1_0_AXI_inst/color_reg[3][8]/G is not reached by a timing clock
Related violations: <none>

TIMING-20#120 Warning
Non-clocked latch  
The latch mb_block_i/hdmi_text_controller_0/inst/hdmi_text_controller_v1_0_AXI_inst/color_reg[3][9] cannot be properly analyzed as its control pin mb_block_i/hdmi_text_controller_0/inst/hdmi_text_controller_v1_0_AXI_inst/color_reg[3][9]/G is not reached by a timing clock
Related violations: <none>

TIMING-20#121 Warning
Non-clocked latch  
The latch mb_block_i/hdmi_text_controller_0/inst/hdmi_text_controller_v1_0_AXI_inst/color_reg[4][10] cannot be properly analyzed as its control pin mb_block_i/hdmi_text_controller_0/inst/hdmi_text_controller_v1_0_AXI_inst/color_reg[4][10]/G is not reached by a timing clock
Related violations: <none>

TIMING-20#122 Warning
Non-clocked latch  
The latch mb_block_i/hdmi_text_controller_0/inst/hdmi_text_controller_v1_0_AXI_inst/color_reg[4][11] cannot be properly analyzed as its control pin mb_block_i/hdmi_text_controller_0/inst/hdmi_text_controller_v1_0_AXI_inst/color_reg[4][11]/G is not reached by a timing clock
Related violations: <none>

TIMING-20#123 Warning
Non-clocked latch  
The latch mb_block_i/hdmi_text_controller_0/inst/hdmi_text_controller_v1_0_AXI_inst/color_reg[4][12] cannot be properly analyzed as its control pin mb_block_i/hdmi_text_controller_0/inst/hdmi_text_controller_v1_0_AXI_inst/color_reg[4][12]/G is not reached by a timing clock
Related violations: <none>

TIMING-20#124 Warning
Non-clocked latch  
The latch mb_block_i/hdmi_text_controller_0/inst/hdmi_text_controller_v1_0_AXI_inst/color_reg[4][1] cannot be properly analyzed as its control pin mb_block_i/hdmi_text_controller_0/inst/hdmi_text_controller_v1_0_AXI_inst/color_reg[4][1]/G is not reached by a timing clock
Related violations: <none>

TIMING-20#125 Warning
Non-clocked latch  
The latch mb_block_i/hdmi_text_controller_0/inst/hdmi_text_controller_v1_0_AXI_inst/color_reg[4][2] cannot be properly analyzed as its control pin mb_block_i/hdmi_text_controller_0/inst/hdmi_text_controller_v1_0_AXI_inst/color_reg[4][2]/G is not reached by a timing clock
Related violations: <none>

TIMING-20#126 Warning
Non-clocked latch  
The latch mb_block_i/hdmi_text_controller_0/inst/hdmi_text_controller_v1_0_AXI_inst/color_reg[4][3] cannot be properly analyzed as its control pin mb_block_i/hdmi_text_controller_0/inst/hdmi_text_controller_v1_0_AXI_inst/color_reg[4][3]/G is not reached by a timing clock
Related violations: <none>

TIMING-20#127 Warning
Non-clocked latch  
The latch mb_block_i/hdmi_text_controller_0/inst/hdmi_text_controller_v1_0_AXI_inst/color_reg[4][4] cannot be properly analyzed as its control pin mb_block_i/hdmi_text_controller_0/inst/hdmi_text_controller_v1_0_AXI_inst/color_reg[4][4]/G is not reached by a timing clock
Related violations: <none>

TIMING-20#128 Warning
Non-clocked latch  
The latch mb_block_i/hdmi_text_controller_0/inst/hdmi_text_controller_v1_0_AXI_inst/color_reg[4][5] cannot be properly analyzed as its control pin mb_block_i/hdmi_text_controller_0/inst/hdmi_text_controller_v1_0_AXI_inst/color_reg[4][5]/G is not reached by a timing clock
Related violations: <none>

TIMING-20#129 Warning
Non-clocked latch  
The latch mb_block_i/hdmi_text_controller_0/inst/hdmi_text_controller_v1_0_AXI_inst/color_reg[4][6] cannot be properly analyzed as its control pin mb_block_i/hdmi_text_controller_0/inst/hdmi_text_controller_v1_0_AXI_inst/color_reg[4][6]/G is not reached by a timing clock
Related violations: <none>

TIMING-20#130 Warning
Non-clocked latch  
The latch mb_block_i/hdmi_text_controller_0/inst/hdmi_text_controller_v1_0_AXI_inst/color_reg[4][7] cannot be properly analyzed as its control pin mb_block_i/hdmi_text_controller_0/inst/hdmi_text_controller_v1_0_AXI_inst/color_reg[4][7]/G is not reached by a timing clock
Related violations: <none>

TIMING-20#131 Warning
Non-clocked latch  
The latch mb_block_i/hdmi_text_controller_0/inst/hdmi_text_controller_v1_0_AXI_inst/color_reg[4][8] cannot be properly analyzed as its control pin mb_block_i/hdmi_text_controller_0/inst/hdmi_text_controller_v1_0_AXI_inst/color_reg[4][8]/G is not reached by a timing clock
Related violations: <none>

TIMING-20#132 Warning
Non-clocked latch  
The latch mb_block_i/hdmi_text_controller_0/inst/hdmi_text_controller_v1_0_AXI_inst/color_reg[4][9] cannot be properly analyzed as its control pin mb_block_i/hdmi_text_controller_0/inst/hdmi_text_controller_v1_0_AXI_inst/color_reg[4][9]/G is not reached by a timing clock
Related violations: <none>

TIMING-20#133 Warning
Non-clocked latch  
The latch mb_block_i/hdmi_text_controller_0/inst/hdmi_text_controller_v1_0_AXI_inst/color_reg[5][10] cannot be properly analyzed as its control pin mb_block_i/hdmi_text_controller_0/inst/hdmi_text_controller_v1_0_AXI_inst/color_reg[5][10]/G is not reached by a timing clock
Related violations: <none>

TIMING-20#134 Warning
Non-clocked latch  
The latch mb_block_i/hdmi_text_controller_0/inst/hdmi_text_controller_v1_0_AXI_inst/color_reg[5][11] cannot be properly analyzed as its control pin mb_block_i/hdmi_text_controller_0/inst/hdmi_text_controller_v1_0_AXI_inst/color_reg[5][11]/G is not reached by a timing clock
Related violations: <none>

TIMING-20#135 Warning
Non-clocked latch  
The latch mb_block_i/hdmi_text_controller_0/inst/hdmi_text_controller_v1_0_AXI_inst/color_reg[5][12] cannot be properly analyzed as its control pin mb_block_i/hdmi_text_controller_0/inst/hdmi_text_controller_v1_0_AXI_inst/color_reg[5][12]/G is not reached by a timing clock
Related violations: <none>

TIMING-20#136 Warning
Non-clocked latch  
The latch mb_block_i/hdmi_text_controller_0/inst/hdmi_text_controller_v1_0_AXI_inst/color_reg[5][1] cannot be properly analyzed as its control pin mb_block_i/hdmi_text_controller_0/inst/hdmi_text_controller_v1_0_AXI_inst/color_reg[5][1]/G is not reached by a timing clock
Related violations: <none>

TIMING-20#137 Warning
Non-clocked latch  
The latch mb_block_i/hdmi_text_controller_0/inst/hdmi_text_controller_v1_0_AXI_inst/color_reg[5][2] cannot be properly analyzed as its control pin mb_block_i/hdmi_text_controller_0/inst/hdmi_text_controller_v1_0_AXI_inst/color_reg[5][2]/G is not reached by a timing clock
Related violations: <none>

TIMING-20#138 Warning
Non-clocked latch  
The latch mb_block_i/hdmi_text_controller_0/inst/hdmi_text_controller_v1_0_AXI_inst/color_reg[5][3] cannot be properly analyzed as its control pin mb_block_i/hdmi_text_controller_0/inst/hdmi_text_controller_v1_0_AXI_inst/color_reg[5][3]/G is not reached by a timing clock
Related violations: <none>

TIMING-20#139 Warning
Non-clocked latch  
The latch mb_block_i/hdmi_text_controller_0/inst/hdmi_text_controller_v1_0_AXI_inst/color_reg[5][4] cannot be properly analyzed as its control pin mb_block_i/hdmi_text_controller_0/inst/hdmi_text_controller_v1_0_AXI_inst/color_reg[5][4]/G is not reached by a timing clock
Related violations: <none>

TIMING-20#140 Warning
Non-clocked latch  
The latch mb_block_i/hdmi_text_controller_0/inst/hdmi_text_controller_v1_0_AXI_inst/color_reg[5][5] cannot be properly analyzed as its control pin mb_block_i/hdmi_text_controller_0/inst/hdmi_text_controller_v1_0_AXI_inst/color_reg[5][5]/G is not reached by a timing clock
Related violations: <none>

TIMING-20#141 Warning
Non-clocked latch  
The latch mb_block_i/hdmi_text_controller_0/inst/hdmi_text_controller_v1_0_AXI_inst/color_reg[5][6] cannot be properly analyzed as its control pin mb_block_i/hdmi_text_controller_0/inst/hdmi_text_controller_v1_0_AXI_inst/color_reg[5][6]/G is not reached by a timing clock
Related violations: <none>

TIMING-20#142 Warning
Non-clocked latch  
The latch mb_block_i/hdmi_text_controller_0/inst/hdmi_text_controller_v1_0_AXI_inst/color_reg[5][7] cannot be properly analyzed as its control pin mb_block_i/hdmi_text_controller_0/inst/hdmi_text_controller_v1_0_AXI_inst/color_reg[5][7]/G is not reached by a timing clock
Related violations: <none>

TIMING-20#143 Warning
Non-clocked latch  
The latch mb_block_i/hdmi_text_controller_0/inst/hdmi_text_controller_v1_0_AXI_inst/color_reg[5][8] cannot be properly analyzed as its control pin mb_block_i/hdmi_text_controller_0/inst/hdmi_text_controller_v1_0_AXI_inst/color_reg[5][8]/G is not reached by a timing clock
Related violations: <none>

TIMING-20#144 Warning
Non-clocked latch  
The latch mb_block_i/hdmi_text_controller_0/inst/hdmi_text_controller_v1_0_AXI_inst/color_reg[5][9] cannot be properly analyzed as its control pin mb_block_i/hdmi_text_controller_0/inst/hdmi_text_controller_v1_0_AXI_inst/color_reg[5][9]/G is not reached by a timing clock
Related violations: <none>

TIMING-20#145 Warning
Non-clocked latch  
The latch mb_block_i/hdmi_text_controller_0/inst/hdmi_text_controller_v1_0_AXI_inst/color_reg[6][10] cannot be properly analyzed as its control pin mb_block_i/hdmi_text_controller_0/inst/hdmi_text_controller_v1_0_AXI_inst/color_reg[6][10]/G is not reached by a timing clock
Related violations: <none>

TIMING-20#146 Warning
Non-clocked latch  
The latch mb_block_i/hdmi_text_controller_0/inst/hdmi_text_controller_v1_0_AXI_inst/color_reg[6][11] cannot be properly analyzed as its control pin mb_block_i/hdmi_text_controller_0/inst/hdmi_text_controller_v1_0_AXI_inst/color_reg[6][11]/G is not reached by a timing clock
Related violations: <none>

TIMING-20#147 Warning
Non-clocked latch  
The latch mb_block_i/hdmi_text_controller_0/inst/hdmi_text_controller_v1_0_AXI_inst/color_reg[6][12] cannot be properly analyzed as its control pin mb_block_i/hdmi_text_controller_0/inst/hdmi_text_controller_v1_0_AXI_inst/color_reg[6][12]/G is not reached by a timing clock
Related violations: <none>

TIMING-20#148 Warning
Non-clocked latch  
The latch mb_block_i/hdmi_text_controller_0/inst/hdmi_text_controller_v1_0_AXI_inst/color_reg[6][1] cannot be properly analyzed as its control pin mb_block_i/hdmi_text_controller_0/inst/hdmi_text_controller_v1_0_AXI_inst/color_reg[6][1]/G is not reached by a timing clock
Related violations: <none>

TIMING-20#149 Warning
Non-clocked latch  
The latch mb_block_i/hdmi_text_controller_0/inst/hdmi_text_controller_v1_0_AXI_inst/color_reg[6][2] cannot be properly analyzed as its control pin mb_block_i/hdmi_text_controller_0/inst/hdmi_text_controller_v1_0_AXI_inst/color_reg[6][2]/G is not reached by a timing clock
Related violations: <none>

TIMING-20#150 Warning
Non-clocked latch  
The latch mb_block_i/hdmi_text_controller_0/inst/hdmi_text_controller_v1_0_AXI_inst/color_reg[6][3] cannot be properly analyzed as its control pin mb_block_i/hdmi_text_controller_0/inst/hdmi_text_controller_v1_0_AXI_inst/color_reg[6][3]/G is not reached by a timing clock
Related violations: <none>

TIMING-20#151 Warning
Non-clocked latch  
The latch mb_block_i/hdmi_text_controller_0/inst/hdmi_text_controller_v1_0_AXI_inst/color_reg[6][4] cannot be properly analyzed as its control pin mb_block_i/hdmi_text_controller_0/inst/hdmi_text_controller_v1_0_AXI_inst/color_reg[6][4]/G is not reached by a timing clock
Related violations: <none>

TIMING-20#152 Warning
Non-clocked latch  
The latch mb_block_i/hdmi_text_controller_0/inst/hdmi_text_controller_v1_0_AXI_inst/color_reg[6][5] cannot be properly analyzed as its control pin mb_block_i/hdmi_text_controller_0/inst/hdmi_text_controller_v1_0_AXI_inst/color_reg[6][5]/G is not reached by a timing clock
Related violations: <none>

TIMING-20#153 Warning
Non-clocked latch  
The latch mb_block_i/hdmi_text_controller_0/inst/hdmi_text_controller_v1_0_AXI_inst/color_reg[6][6] cannot be properly analyzed as its control pin mb_block_i/hdmi_text_controller_0/inst/hdmi_text_controller_v1_0_AXI_inst/color_reg[6][6]/G is not reached by a timing clock
Related violations: <none>

TIMING-20#154 Warning
Non-clocked latch  
The latch mb_block_i/hdmi_text_controller_0/inst/hdmi_text_controller_v1_0_AXI_inst/color_reg[6][7] cannot be properly analyzed as its control pin mb_block_i/hdmi_text_controller_0/inst/hdmi_text_controller_v1_0_AXI_inst/color_reg[6][7]/G is not reached by a timing clock
Related violations: <none>

TIMING-20#155 Warning
Non-clocked latch  
The latch mb_block_i/hdmi_text_controller_0/inst/hdmi_text_controller_v1_0_AXI_inst/color_reg[6][8] cannot be properly analyzed as its control pin mb_block_i/hdmi_text_controller_0/inst/hdmi_text_controller_v1_0_AXI_inst/color_reg[6][8]/G is not reached by a timing clock
Related violations: <none>

TIMING-20#156 Warning
Non-clocked latch  
The latch mb_block_i/hdmi_text_controller_0/inst/hdmi_text_controller_v1_0_AXI_inst/color_reg[6][9] cannot be properly analyzed as its control pin mb_block_i/hdmi_text_controller_0/inst/hdmi_text_controller_v1_0_AXI_inst/color_reg[6][9]/G is not reached by a timing clock
Related violations: <none>

TIMING-20#157 Warning
Non-clocked latch  
The latch mb_block_i/hdmi_text_controller_0/inst/hdmi_text_controller_v1_0_AXI_inst/color_reg[7][10] cannot be properly analyzed as its control pin mb_block_i/hdmi_text_controller_0/inst/hdmi_text_controller_v1_0_AXI_inst/color_reg[7][10]/G is not reached by a timing clock
Related violations: <none>

TIMING-20#158 Warning
Non-clocked latch  
The latch mb_block_i/hdmi_text_controller_0/inst/hdmi_text_controller_v1_0_AXI_inst/color_reg[7][11] cannot be properly analyzed as its control pin mb_block_i/hdmi_text_controller_0/inst/hdmi_text_controller_v1_0_AXI_inst/color_reg[7][11]/G is not reached by a timing clock
Related violations: <none>

TIMING-20#159 Warning
Non-clocked latch  
The latch mb_block_i/hdmi_text_controller_0/inst/hdmi_text_controller_v1_0_AXI_inst/color_reg[7][12] cannot be properly analyzed as its control pin mb_block_i/hdmi_text_controller_0/inst/hdmi_text_controller_v1_0_AXI_inst/color_reg[7][12]/G is not reached by a timing clock
Related violations: <none>

TIMING-20#160 Warning
Non-clocked latch  
The latch mb_block_i/hdmi_text_controller_0/inst/hdmi_text_controller_v1_0_AXI_inst/color_reg[7][1] cannot be properly analyzed as its control pin mb_block_i/hdmi_text_controller_0/inst/hdmi_text_controller_v1_0_AXI_inst/color_reg[7][1]/G is not reached by a timing clock
Related violations: <none>

TIMING-20#161 Warning
Non-clocked latch  
The latch mb_block_i/hdmi_text_controller_0/inst/hdmi_text_controller_v1_0_AXI_inst/color_reg[7][2] cannot be properly analyzed as its control pin mb_block_i/hdmi_text_controller_0/inst/hdmi_text_controller_v1_0_AXI_inst/color_reg[7][2]/G is not reached by a timing clock
Related violations: <none>

TIMING-20#162 Warning
Non-clocked latch  
The latch mb_block_i/hdmi_text_controller_0/inst/hdmi_text_controller_v1_0_AXI_inst/color_reg[7][3] cannot be properly analyzed as its control pin mb_block_i/hdmi_text_controller_0/inst/hdmi_text_controller_v1_0_AXI_inst/color_reg[7][3]/G is not reached by a timing clock
Related violations: <none>

TIMING-20#163 Warning
Non-clocked latch  
The latch mb_block_i/hdmi_text_controller_0/inst/hdmi_text_controller_v1_0_AXI_inst/color_reg[7][4] cannot be properly analyzed as its control pin mb_block_i/hdmi_text_controller_0/inst/hdmi_text_controller_v1_0_AXI_inst/color_reg[7][4]/G is not reached by a timing clock
Related violations: <none>

TIMING-20#164 Warning
Non-clocked latch  
The latch mb_block_i/hdmi_text_controller_0/inst/hdmi_text_controller_v1_0_AXI_inst/color_reg[7][5] cannot be properly analyzed as its control pin mb_block_i/hdmi_text_controller_0/inst/hdmi_text_controller_v1_0_AXI_inst/color_reg[7][5]/G is not reached by a timing clock
Related violations: <none>

TIMING-20#165 Warning
Non-clocked latch  
The latch mb_block_i/hdmi_text_controller_0/inst/hdmi_text_controller_v1_0_AXI_inst/color_reg[7][6] cannot be properly analyzed as its control pin mb_block_i/hdmi_text_controller_0/inst/hdmi_text_controller_v1_0_AXI_inst/color_reg[7][6]/G is not reached by a timing clock
Related violations: <none>

TIMING-20#166 Warning
Non-clocked latch  
The latch mb_block_i/hdmi_text_controller_0/inst/hdmi_text_controller_v1_0_AXI_inst/color_reg[7][7] cannot be properly analyzed as its control pin mb_block_i/hdmi_text_controller_0/inst/hdmi_text_controller_v1_0_AXI_inst/color_reg[7][7]/G is not reached by a timing clock
Related violations: <none>

TIMING-20#167 Warning
Non-clocked latch  
The latch mb_block_i/hdmi_text_controller_0/inst/hdmi_text_controller_v1_0_AXI_inst/color_reg[7][8] cannot be properly analyzed as its control pin mb_block_i/hdmi_text_controller_0/inst/hdmi_text_controller_v1_0_AXI_inst/color_reg[7][8]/G is not reached by a timing clock
Related violations: <none>

TIMING-20#168 Warning
Non-clocked latch  
The latch mb_block_i/hdmi_text_controller_0/inst/hdmi_text_controller_v1_0_AXI_inst/color_reg[7][9] cannot be properly analyzed as its control pin mb_block_i/hdmi_text_controller_0/inst/hdmi_text_controller_v1_0_AXI_inst/color_reg[7][9]/G is not reached by a timing clock
Related violations: <none>

TIMING-20#169 Warning
Non-clocked latch  
The latch mb_block_i/hdmi_text_controller_0/inst/hdmi_text_controller_v1_0_AXI_inst/color_reg[8][10] cannot be properly analyzed as its control pin mb_block_i/hdmi_text_controller_0/inst/hdmi_text_controller_v1_0_AXI_inst/color_reg[8][10]/G is not reached by a timing clock
Related violations: <none>

TIMING-20#170 Warning
Non-clocked latch  
The latch mb_block_i/hdmi_text_controller_0/inst/hdmi_text_controller_v1_0_AXI_inst/color_reg[8][11] cannot be properly analyzed as its control pin mb_block_i/hdmi_text_controller_0/inst/hdmi_text_controller_v1_0_AXI_inst/color_reg[8][11]/G is not reached by a timing clock
Related violations: <none>

TIMING-20#171 Warning
Non-clocked latch  
The latch mb_block_i/hdmi_text_controller_0/inst/hdmi_text_controller_v1_0_AXI_inst/color_reg[8][12] cannot be properly analyzed as its control pin mb_block_i/hdmi_text_controller_0/inst/hdmi_text_controller_v1_0_AXI_inst/color_reg[8][12]/G is not reached by a timing clock
Related violations: <none>

TIMING-20#172 Warning
Non-clocked latch  
The latch mb_block_i/hdmi_text_controller_0/inst/hdmi_text_controller_v1_0_AXI_inst/color_reg[8][1] cannot be properly analyzed as its control pin mb_block_i/hdmi_text_controller_0/inst/hdmi_text_controller_v1_0_AXI_inst/color_reg[8][1]/G is not reached by a timing clock
Related violations: <none>

TIMING-20#173 Warning
Non-clocked latch  
The latch mb_block_i/hdmi_text_controller_0/inst/hdmi_text_controller_v1_0_AXI_inst/color_reg[8][2] cannot be properly analyzed as its control pin mb_block_i/hdmi_text_controller_0/inst/hdmi_text_controller_v1_0_AXI_inst/color_reg[8][2]/G is not reached by a timing clock
Related violations: <none>

TIMING-20#174 Warning
Non-clocked latch  
The latch mb_block_i/hdmi_text_controller_0/inst/hdmi_text_controller_v1_0_AXI_inst/color_reg[8][3] cannot be properly analyzed as its control pin mb_block_i/hdmi_text_controller_0/inst/hdmi_text_controller_v1_0_AXI_inst/color_reg[8][3]/G is not reached by a timing clock
Related violations: <none>

TIMING-20#175 Warning
Non-clocked latch  
The latch mb_block_i/hdmi_text_controller_0/inst/hdmi_text_controller_v1_0_AXI_inst/color_reg[8][4] cannot be properly analyzed as its control pin mb_block_i/hdmi_text_controller_0/inst/hdmi_text_controller_v1_0_AXI_inst/color_reg[8][4]/G is not reached by a timing clock
Related violations: <none>

TIMING-20#176 Warning
Non-clocked latch  
The latch mb_block_i/hdmi_text_controller_0/inst/hdmi_text_controller_v1_0_AXI_inst/color_reg[8][5] cannot be properly analyzed as its control pin mb_block_i/hdmi_text_controller_0/inst/hdmi_text_controller_v1_0_AXI_inst/color_reg[8][5]/G is not reached by a timing clock
Related violations: <none>

TIMING-20#177 Warning
Non-clocked latch  
The latch mb_block_i/hdmi_text_controller_0/inst/hdmi_text_controller_v1_0_AXI_inst/color_reg[8][6] cannot be properly analyzed as its control pin mb_block_i/hdmi_text_controller_0/inst/hdmi_text_controller_v1_0_AXI_inst/color_reg[8][6]/G is not reached by a timing clock
Related violations: <none>

TIMING-20#178 Warning
Non-clocked latch  
The latch mb_block_i/hdmi_text_controller_0/inst/hdmi_text_controller_v1_0_AXI_inst/color_reg[8][7] cannot be properly analyzed as its control pin mb_block_i/hdmi_text_controller_0/inst/hdmi_text_controller_v1_0_AXI_inst/color_reg[8][7]/G is not reached by a timing clock
Related violations: <none>

TIMING-20#179 Warning
Non-clocked latch  
The latch mb_block_i/hdmi_text_controller_0/inst/hdmi_text_controller_v1_0_AXI_inst/color_reg[8][8] cannot be properly analyzed as its control pin mb_block_i/hdmi_text_controller_0/inst/hdmi_text_controller_v1_0_AXI_inst/color_reg[8][8]/G is not reached by a timing clock
Related violations: <none>

TIMING-20#180 Warning
Non-clocked latch  
The latch mb_block_i/hdmi_text_controller_0/inst/hdmi_text_controller_v1_0_AXI_inst/color_reg[8][9] cannot be properly analyzed as its control pin mb_block_i/hdmi_text_controller_0/inst/hdmi_text_controller_v1_0_AXI_inst/color_reg[8][9]/G is not reached by a timing clock
Related violations: <none>

TIMING-20#181 Warning
Non-clocked latch  
The latch mb_block_i/hdmi_text_controller_0/inst/hdmi_text_controller_v1_0_AXI_inst/color_reg[9][10] cannot be properly analyzed as its control pin mb_block_i/hdmi_text_controller_0/inst/hdmi_text_controller_v1_0_AXI_inst/color_reg[9][10]/G is not reached by a timing clock
Related violations: <none>

TIMING-20#182 Warning
Non-clocked latch  
The latch mb_block_i/hdmi_text_controller_0/inst/hdmi_text_controller_v1_0_AXI_inst/color_reg[9][11] cannot be properly analyzed as its control pin mb_block_i/hdmi_text_controller_0/inst/hdmi_text_controller_v1_0_AXI_inst/color_reg[9][11]/G is not reached by a timing clock
Related violations: <none>

TIMING-20#183 Warning
Non-clocked latch  
The latch mb_block_i/hdmi_text_controller_0/inst/hdmi_text_controller_v1_0_AXI_inst/color_reg[9][12] cannot be properly analyzed as its control pin mb_block_i/hdmi_text_controller_0/inst/hdmi_text_controller_v1_0_AXI_inst/color_reg[9][12]/G is not reached by a timing clock
Related violations: <none>

TIMING-20#184 Warning
Non-clocked latch  
The latch mb_block_i/hdmi_text_controller_0/inst/hdmi_text_controller_v1_0_AXI_inst/color_reg[9][1] cannot be properly analyzed as its control pin mb_block_i/hdmi_text_controller_0/inst/hdmi_text_controller_v1_0_AXI_inst/color_reg[9][1]/G is not reached by a timing clock
Related violations: <none>

TIMING-20#185 Warning
Non-clocked latch  
The latch mb_block_i/hdmi_text_controller_0/inst/hdmi_text_controller_v1_0_AXI_inst/color_reg[9][2] cannot be properly analyzed as its control pin mb_block_i/hdmi_text_controller_0/inst/hdmi_text_controller_v1_0_AXI_inst/color_reg[9][2]/G is not reached by a timing clock
Related violations: <none>

TIMING-20#186 Warning
Non-clocked latch  
The latch mb_block_i/hdmi_text_controller_0/inst/hdmi_text_controller_v1_0_AXI_inst/color_reg[9][3] cannot be properly analyzed as its control pin mb_block_i/hdmi_text_controller_0/inst/hdmi_text_controller_v1_0_AXI_inst/color_reg[9][3]/G is not reached by a timing clock
Related violations: <none>

TIMING-20#187 Warning
Non-clocked latch  
The latch mb_block_i/hdmi_text_controller_0/inst/hdmi_text_controller_v1_0_AXI_inst/color_reg[9][4] cannot be properly analyzed as its control pin mb_block_i/hdmi_text_controller_0/inst/hdmi_text_controller_v1_0_AXI_inst/color_reg[9][4]/G is not reached by a timing clock
Related violations: <none>

TIMING-20#188 Warning
Non-clocked latch  
The latch mb_block_i/hdmi_text_controller_0/inst/hdmi_text_controller_v1_0_AXI_inst/color_reg[9][5] cannot be properly analyzed as its control pin mb_block_i/hdmi_text_controller_0/inst/hdmi_text_controller_v1_0_AXI_inst/color_reg[9][5]/G is not reached by a timing clock
Related violations: <none>

TIMING-20#189 Warning
Non-clocked latch  
The latch mb_block_i/hdmi_text_controller_0/inst/hdmi_text_controller_v1_0_AXI_inst/color_reg[9][6] cannot be properly analyzed as its control pin mb_block_i/hdmi_text_controller_0/inst/hdmi_text_controller_v1_0_AXI_inst/color_reg[9][6]/G is not reached by a timing clock
Related violations: <none>

TIMING-20#190 Warning
Non-clocked latch  
The latch mb_block_i/hdmi_text_controller_0/inst/hdmi_text_controller_v1_0_AXI_inst/color_reg[9][7] cannot be properly analyzed as its control pin mb_block_i/hdmi_text_controller_0/inst/hdmi_text_controller_v1_0_AXI_inst/color_reg[9][7]/G is not reached by a timing clock
Related violations: <none>

TIMING-20#191 Warning
Non-clocked latch  
The latch mb_block_i/hdmi_text_controller_0/inst/hdmi_text_controller_v1_0_AXI_inst/color_reg[9][8] cannot be properly analyzed as its control pin mb_block_i/hdmi_text_controller_0/inst/hdmi_text_controller_v1_0_AXI_inst/color_reg[9][8]/G is not reached by a timing clock
Related violations: <none>

TIMING-20#192 Warning
Non-clocked latch  
The latch mb_block_i/hdmi_text_controller_0/inst/hdmi_text_controller_v1_0_AXI_inst/color_reg[9][9] cannot be properly analyzed as its control pin mb_block_i/hdmi_text_controller_0/inst/hdmi_text_controller_v1_0_AXI_inst/color_reg[9][9]/G is not reached by a timing clock
Related violations: <none>

XDCC-7#1 Warning
Scoped Clock constraint overwritten on the same source  
A new clock constraint create_clock overrides a previous scoped clock constraint defined on the same source. It is not recommended to override a scoped (typically an IP) clock constraint and could result in unexpected behaviors.
New: create_clock -period 10.000 -name clk_100 -waveform {0.000 5.000} [get_ports Clk] (Source: C:/Users/yuqiwen3/lab7/lab7_1_provided_fa23_2/mb_usb_hdmi_top.xdc (Line: 1))
Previous: create_clock -period 10.000 [get_ports Clk] (Source: c:/Users/yuqiwen3/lab7/lab7.gen/sources_1/bd/mb_block/ip/mb_block_clk_wiz_1_0/mb_block_clk_wiz_1_0.xdc (Line: 56))
Related violations: <none>

LATCH-1#1 Advisory
Existing latches in the design  
There are 192 latches found in the design. Inferred latches are often the result of HDL coding mistakes, such as incomplete if or case statements.
Related violations: <none>


