20:57:21 DEBUG : Logs will be stored at 'E:/ECE385/lab7/work/IDE.log'.
20:57:29 INFO  : Launching XSCT server: xsct.bat -n  -interactive E:\ECE385\lab7\work\temp_xsdb_launch_script.tcl
20:57:29 INFO  : Registering command handlers for Vitis TCF services
20:57:30 INFO  : Platform repository initialization has completed.
20:57:38 INFO  : XSCT server has started successfully.
20:57:49 INFO  : plnx-install-location is set to ''
20:57:49 INFO  : Successfully done setting XSCT server connection channel  
20:57:49 INFO  : Successfully done query RDI_DATADIR 
20:57:49 INFO  : Successfully done setting workspace for the tool. 
20:59:04 ERROR : (XSDB Server)ERROR: [Hsi 55-1562] Source directory E:/ECE385/lab7/work/top_level/hw/drivers\hdmi_text_controller_v1_0/src does not exist or is not a directory.

20:59:07 INFO  : Result from executing command 'getProjects': top_level
20:59:07 INFO  : Result from executing command 'getPlatforms': 
20:59:07 WARN  : An unexpected exception occurred in the module 'platform project logging'
20:59:07 INFO  : Platform 'top_level' is added to custom repositories.
20:59:11 INFO  : Platform 'top_level' is added to custom repositories.
21:05:23 INFO  : Result from executing command 'getProjects': top_level
21:05:23 INFO  : Result from executing command 'getPlatforms': top_level|E:/ECE385/lab7/work/top_level/export/top_level/top_level.xpfm
21:05:24 INFO  : Checking for BSP changes to sync application flags for project 'lab7_1'...
21:06:16 INFO  : Connected to target on host '127.0.0.1' and port '3121'.
21:06:16 INFO  : Jtag cable 'RealDigital Boo 8874292302C1A' is selected.
21:06:16 INFO  : 'jtag frequency' command is executed.
21:06:16 INFO  : 'targets -set -filter {jtag_cable_name =~ "RealDigital Boo 8874292302C1A" && level==0 && jtag_device_ctx=="jsn1-0362f093-0"}' command is executed.
21:06:18 INFO  : Device configured successfully with "E:/ECE385/lab7/work/lab7_1/_ide/bitstream/top_level.bit"
21:06:18 INFO  : Context for processor 'microblaze_0' is selected.
21:06:18 INFO  : Hardware design and registers information is loaded from 'E:/ECE385/lab7/work/top_level/export/top_level/hw/top_level.xsa'.
21:06:18 INFO  : 'configparams mdm-detect-bscan-mask 2' command is executed.
21:06:18 INFO  : Context for processor 'microblaze_0' is selected.
21:06:18 INFO  : System reset is completed.
21:06:21 INFO  : 'after 3000' command is executed.
21:06:21 INFO  : Context for processor 'microblaze_0' is selected.
21:06:21 INFO  : The application 'E:/ECE385/lab7/work/lab7_1/Debug/lab7_1.elf' is downloaded to processor 'microblaze_0'.
21:06:21 INFO  : ----------------XSDB Script----------------
connect -url tcp:127.0.0.1:3121
targets -set -filter {jtag_cable_name =~ "RealDigital Boo 8874292302C1A" && level==0 && jtag_device_ctx=="jsn1-0362f093-0"}
fpga -file E:/ECE385/lab7/work/lab7_1/_ide/bitstream/top_level.bit
targets -set -nocase -filter {name =~ "*microblaze*#0" && bscan=="USER2" }
loadhw -hw E:/ECE385/lab7/work/top_level/export/top_level/hw/top_level.xsa -regs
configparams mdm-detect-bscan-mask 2
targets -set -nocase -filter {name =~ "*microblaze*#0" && bscan=="USER2" }
rst -system
after 3000
targets -set -nocase -filter {name =~ "*microblaze*#0" && bscan=="USER2" }
dow E:/ECE385/lab7/work/lab7_1/Debug/lab7_1.elf
----------------End of Script----------------

21:06:21 INFO  : Context for processor 'microblaze_0' is selected.
21:06:21 INFO  : 'con' command is executed.
21:06:21 INFO  : ----------------XSDB Script (After Launch)----------------
targets -set -nocase -filter {name =~ "*microblaze*#0" && bscan=="USER2" }
con
----------------End of Script----------------

21:06:21 INFO  : Disconnected from the channel tcfchan#2.
21:07:10 INFO  : Checking for BSP changes to sync application flags for project 'lab7_1'...
21:07:18 INFO  : Connected to target on host '127.0.0.1' and port '3121'.
21:07:18 INFO  : Jtag cable 'RealDigital Boo 8874292302C1A' is selected.
21:07:18 INFO  : 'jtag frequency' command is executed.
21:07:18 INFO  : 'targets -set -filter {jtag_cable_name =~ "RealDigital Boo 8874292302C1A" && level==0 && jtag_device_ctx=="jsn1-0362f093-0"}' command is executed.
21:07:19 INFO  : Device configured successfully with "E:/ECE385/lab7/work/lab7_1/_ide/bitstream/top_level.bit"
21:07:19 INFO  : Context for processor 'microblaze_0' is selected.
21:07:19 INFO  : Hardware design and registers information is loaded from 'E:/ECE385/lab7/work/top_level/export/top_level/hw/top_level.xsa'.
21:07:19 INFO  : 'configparams mdm-detect-bscan-mask 2' command is executed.
21:07:19 INFO  : Context for processor 'microblaze_0' is selected.
21:07:19 INFO  : System reset is completed.
21:07:22 INFO  : 'after 3000' command is executed.
21:07:22 INFO  : Context for processor 'microblaze_0' is selected.
21:07:23 INFO  : The application 'E:/ECE385/lab7/work/lab7_1/Debug/lab7_1.elf' is downloaded to processor 'microblaze_0'.
21:07:23 INFO  : ----------------XSDB Script----------------
connect -url tcp:127.0.0.1:3121
targets -set -filter {jtag_cable_name =~ "RealDigital Boo 8874292302C1A" && level==0 && jtag_device_ctx=="jsn1-0362f093-0"}
fpga -file E:/ECE385/lab7/work/lab7_1/_ide/bitstream/top_level.bit
targets -set -nocase -filter {name =~ "*microblaze*#0" && bscan=="USER2" }
loadhw -hw E:/ECE385/lab7/work/top_level/export/top_level/hw/top_level.xsa -regs
configparams mdm-detect-bscan-mask 2
targets -set -nocase -filter {name =~ "*microblaze*#0" && bscan=="USER2" }
rst -system
after 3000
targets -set -nocase -filter {name =~ "*microblaze*#0" && bscan=="USER2" }
dow E:/ECE385/lab7/work/lab7_1/Debug/lab7_1.elf
----------------End of Script----------------

21:07:23 INFO  : Context for processor 'microblaze_0' is selected.
21:07:23 INFO  : 'con' command is executed.
21:07:23 INFO  : ----------------XSDB Script (After Launch)----------------
targets -set -nocase -filter {name =~ "*microblaze*#0" && bscan=="USER2" }
con
----------------End of Script----------------

21:07:23 INFO  : Disconnected from the channel tcfchan#3.
21:17:28 INFO  : Hardware specification for platform project 'top_level' is updated.
21:17:45 INFO  : Result from executing command 'getProjects': top_level
21:17:45 INFO  : Result from executing command 'getPlatforms': top_level|E:/ECE385/lab7/work/top_level/export/top_level/top_level.xpfm
21:17:45 INFO  : Checking for BSP changes to sync application flags for project 'lab7_1'...
21:17:48 INFO  : The hardware specification used by project 'lab7_1' is out of sync with the platform. Resource files extracted from the hardware specification will be updated.
21:17:48 INFO  : The file 'E:\ECE385\lab7\work\lab7_1\_ide\bitstream\top_level.bit' stored in project is removed.
21:17:48 INFO  : The file 'E:\ECE385\lab7\work\lab7_1\_ide\bitstream\top_level.mmi' stored in project is removed.
21:17:48 INFO  : The updated bitstream files are copied from platform to folder 'E:\ECE385\lab7\work\lab7_1\_ide\bitstream' in project 'lab7_1'.
21:18:06 INFO  : Connected to target on host '127.0.0.1' and port '3121'.
21:18:06 INFO  : Jtag cable 'RealDigital Boo 8874292302C1A' is selected.
21:18:06 INFO  : 'jtag frequency' command is executed.
21:18:06 INFO  : 'targets -set -filter {jtag_cable_name =~ "RealDigital Boo 8874292302C1A" && level==0 && jtag_device_ctx=="jsn1-0362f093-0"}' command is executed.
21:18:08 INFO  : Device configured successfully with "E:/ECE385/lab7/work/lab7_1/_ide/bitstream/top_level.bit"
21:18:08 INFO  : Context for processor 'microblaze_0' is selected.
21:18:08 INFO  : Hardware design and registers information is loaded from 'E:/ECE385/lab7/work/top_level/export/top_level/hw/top_level.xsa'.
21:18:08 INFO  : 'configparams mdm-detect-bscan-mask 2' command is executed.
21:18:08 INFO  : Context for processor 'microblaze_0' is selected.
21:18:08 INFO  : System reset is completed.
21:18:11 INFO  : 'after 3000' command is executed.
21:18:11 INFO  : Context for processor 'microblaze_0' is selected.
21:18:11 INFO  : The application 'E:/ECE385/lab7/work/lab7_1/Debug/lab7_1.elf' is downloaded to processor 'microblaze_0'.
21:18:11 INFO  : ----------------XSDB Script----------------
connect -url tcp:127.0.0.1:3121
targets -set -filter {jtag_cable_name =~ "RealDigital Boo 8874292302C1A" && level==0 && jtag_device_ctx=="jsn1-0362f093-0"}
fpga -file E:/ECE385/lab7/work/lab7_1/_ide/bitstream/top_level.bit
targets -set -nocase -filter {name =~ "*microblaze*#0" && bscan=="USER2" }
loadhw -hw E:/ECE385/lab7/work/top_level/export/top_level/hw/top_level.xsa -regs
configparams mdm-detect-bscan-mask 2
targets -set -nocase -filter {name =~ "*microblaze*#0" && bscan=="USER2" }
rst -system
after 3000
targets -set -nocase -filter {name =~ "*microblaze*#0" && bscan=="USER2" }
dow E:/ECE385/lab7/work/lab7_1/Debug/lab7_1.elf
----------------End of Script----------------

21:18:11 INFO  : Context for processor 'microblaze_0' is selected.
21:18:11 INFO  : 'con' command is executed.
21:18:11 INFO  : ----------------XSDB Script (After Launch)----------------
targets -set -nocase -filter {name =~ "*microblaze*#0" && bscan=="USER2" }
con
----------------End of Script----------------

21:18:11 INFO  : Disconnected from the channel tcfchan#5.
21:18:32 INFO  : Connected to target on host '127.0.0.1' and port '3121'.
21:18:32 INFO  : Jtag cable 'RealDigital Boo 8874292302C1A' is selected.
21:18:32 INFO  : 'jtag frequency' command is executed.
21:18:32 INFO  : 'targets -set -filter {jtag_cable_name =~ "RealDigital Boo 8874292302C1A" && level==0 && jtag_device_ctx=="jsn1-0362f093-0"}' command is executed.
21:18:34 INFO  : Device configured successfully with "E:/ECE385/lab7/work/lab7_1/_ide/bitstream/top_level.bit"
21:18:34 INFO  : Context for processor 'microblaze_0' is selected.
21:18:34 INFO  : Hardware design and registers information is loaded from 'E:/ECE385/lab7/work/top_level/export/top_level/hw/top_level.xsa'.
21:18:34 INFO  : 'configparams mdm-detect-bscan-mask 2' command is executed.
21:18:34 INFO  : Context for processor 'microblaze_0' is selected.
21:18:34 INFO  : System reset is completed.
21:18:37 INFO  : 'after 3000' command is executed.
21:18:37 INFO  : Context for processor 'microblaze_0' is selected.
21:18:37 INFO  : The application 'E:/ECE385/lab7/work/lab7_1/Debug/lab7_1.elf' is downloaded to processor 'microblaze_0'.
21:18:37 INFO  : ----------------XSDB Script----------------
connect -url tcp:127.0.0.1:3121
targets -set -filter {jtag_cable_name =~ "RealDigital Boo 8874292302C1A" && level==0 && jtag_device_ctx=="jsn1-0362f093-0"}
fpga -file E:/ECE385/lab7/work/lab7_1/_ide/bitstream/top_level.bit
targets -set -nocase -filter {name =~ "*microblaze*#0" && bscan=="USER2" }
loadhw -hw E:/ECE385/lab7/work/top_level/export/top_level/hw/top_level.xsa -regs
configparams mdm-detect-bscan-mask 2
targets -set -nocase -filter {name =~ "*microblaze*#0" && bscan=="USER2" }
rst -system
after 3000
targets -set -nocase -filter {name =~ "*microblaze*#0" && bscan=="USER2" }
dow E:/ECE385/lab7/work/lab7_1/Debug/lab7_1.elf
----------------End of Script----------------

21:18:37 INFO  : Context for processor 'microblaze_0' is selected.
21:18:37 INFO  : 'con' command is executed.
21:18:37 INFO  : ----------------XSDB Script (After Launch)----------------
targets -set -nocase -filter {name =~ "*microblaze*#0" && bscan=="USER2" }
con
----------------End of Script----------------

21:18:37 INFO  : Disconnected from the channel tcfchan#6.
22:02:14 INFO  : Hardware specification for platform project 'top_level' is updated.
22:02:34 INFO  : Result from executing command 'getProjects': top_level
22:02:34 INFO  : Result from executing command 'getPlatforms': top_level|E:/ECE385/lab7/work/top_level/export/top_level/top_level.xpfm
22:02:34 INFO  : Checking for BSP changes to sync application flags for project 'lab7_1'...
22:02:38 INFO  : The hardware specification used by project 'lab7_1' is out of sync with the platform. Resource files extracted from the hardware specification will be updated.
22:02:38 INFO  : The file 'E:\ECE385\lab7\work\lab7_1\_ide\bitstream\top_level.bit' stored in project is removed.
22:02:38 INFO  : The file 'E:\ECE385\lab7\work\lab7_1\_ide\bitstream\top_level.mmi' stored in project is removed.
22:02:38 INFO  : The updated bitstream files are copied from platform to folder 'E:\ECE385\lab7\work\lab7_1\_ide\bitstream' in project 'lab7_1'.
22:02:47 INFO  : Connected to target on host '127.0.0.1' and port '3121'.
22:02:48 INFO  : Jtag cable 'RealDigital Boo 8874292302C1A' is selected.
22:02:48 INFO  : 'jtag frequency' command is executed.
22:02:48 INFO  : 'targets -set -filter {jtag_cable_name =~ "RealDigital Boo 8874292302C1A" && level==0 && jtag_device_ctx=="jsn1-0362f093-0"}' command is executed.
22:02:49 INFO  : Device configured successfully with "E:/ECE385/lab7/work/lab7_1/_ide/bitstream/top_level.bit"
22:02:49 INFO  : Context for processor 'microblaze_0' is selected.
22:02:49 INFO  : Hardware design and registers information is loaded from 'E:/ECE385/lab7/work/top_level/export/top_level/hw/top_level.xsa'.
22:02:49 INFO  : 'configparams mdm-detect-bscan-mask 2' command is executed.
22:02:49 INFO  : Context for processor 'microblaze_0' is selected.
22:02:49 INFO  : System reset is completed.
22:02:53 INFO  : 'after 3000' command is executed.
22:02:53 INFO  : Context for processor 'microblaze_0' is selected.
22:02:53 INFO  : The application 'E:/ECE385/lab7/work/lab7_1/Debug/lab7_1.elf' is downloaded to processor 'microblaze_0'.
22:02:53 INFO  : ----------------XSDB Script----------------
connect -url tcp:127.0.0.1:3121
targets -set -filter {jtag_cable_name =~ "RealDigital Boo 8874292302C1A" && level==0 && jtag_device_ctx=="jsn1-0362f093-0"}
fpga -file E:/ECE385/lab7/work/lab7_1/_ide/bitstream/top_level.bit
targets -set -nocase -filter {name =~ "*microblaze*#0" && bscan=="USER2" }
loadhw -hw E:/ECE385/lab7/work/top_level/export/top_level/hw/top_level.xsa -regs
configparams mdm-detect-bscan-mask 2
targets -set -nocase -filter {name =~ "*microblaze*#0" && bscan=="USER2" }
rst -system
after 3000
targets -set -nocase -filter {name =~ "*microblaze*#0" && bscan=="USER2" }
dow E:/ECE385/lab7/work/lab7_1/Debug/lab7_1.elf
----------------End of Script----------------

22:02:53 INFO  : Context for processor 'microblaze_0' is selected.
22:02:53 INFO  : 'con' command is executed.
22:02:53 INFO  : ----------------XSDB Script (After Launch)----------------
targets -set -nocase -filter {name =~ "*microblaze*#0" && bscan=="USER2" }
con
----------------End of Script----------------

22:02:53 INFO  : Disconnected from the channel tcfchan#8.
