Copyright 1986-2022 Xilinx, Inc. All Rights Reserved.
-------------------------------------------------------------------------------------------
| Tool Version : Vivado v.2022.2 (win64) Build 3671981 Fri Oct 14 05:00:03 MDT 2022
| Date         : Wed Sep 13 20:17:04 2023
| Host         : ECEB-3022-09 running 64-bit major release  (build 9200)
| Command      : report_control_sets -verbose -file adder_toplevel_control_sets_placed.rpt
| Design       : adder_toplevel
| Device       : xc7s50
-------------------------------------------------------------------------------------------

Control Set Information

Table of Contents
-----------------
1. Summary
2. Histogram
3. Flip-Flop Distribution
4. Detailed Control Set Information

1. Summary
----------

+----------------------------------------------------------+-------+
|                          Status                          | Count |
+----------------------------------------------------------+-------+
| Total control sets                                       |     3 |
|    Minimum number of control sets                        |     3 |
|    Addition due to synthesis replication                 |     0 |
|    Addition due to physical synthesis replication        |     0 |
| Unused register locations in slices containing registers |    11 |
+----------------------------------------------------------+-------+
* Control sets can be merged at opt_design using control_set_merge or merge_equivalent_drivers
** Run report_qor_suggestions for automated merging and remapping suggestions


2. Histogram
------------

+--------------------+-------+
|       Fanout       | Count |
+--------------------+-------+
| Total control sets |     3 |
| >= 0 to < 4        |     0 |
| >= 4 to < 6        |     0 |
| >= 6 to < 8        |     0 |
| >= 8 to < 10       |     0 |
| >= 10 to < 12      |     0 |
| >= 12 to < 14      |     0 |
| >= 14 to < 16      |     0 |
| >= 16              |     3 |
+--------------------+-------+
* Control sets can be remapped at either synth_design or opt_design


3. Flip-Flop Distribution
-------------------------

+--------------+-----------------------+------------------------+-----------------+--------------+
| Clock Enable | Synchronous Set/Reset | Asynchronous Set/Reset | Total Registers | Total Slices |
+--------------+-----------------------+------------------------+-----------------+--------------+
| No           | No                    | No                     |               0 |            0 |
| No           | No                    | Yes                    |               3 |            1 |
| No           | Yes                   | No                     |              17 |            5 |
| Yes          | No                    | No                     |               0 |            0 |
| Yes          | No                    | Yes                    |              16 |            5 |
| Yes          | Yes                   | No                     |              17 |           10 |
+--------------+-----------------------+------------------------+-----------------+--------------+


4. Detailed Control Set Information
-----------------------------------

+----------------+-----------------------+------------------+------------------+----------------+--------------+
|  Clock Signal  |     Enable Signal     | Set/Reset Signal | Slice Load Count | Bel Load Count | Bels / Slice |
+----------------+-----------------------+------------------+------------------+----------------+--------------+
|  Clk_IBUF_BUFG | run_once/next_counter | Reset_Clear_IBUF |                5 |             16 |         3.20 |
|  Clk_IBUF_BUFG | run_once/Load         | Reset_Clear_IBUF |               10 |             17 |         1.70 |
|  Clk_IBUF_BUFG |                       | Reset_Clear_IBUF |                6 |             20 |         3.33 |
+----------------+-----------------------+------------------+------------------+----------------+--------------+


