
*** Running vivado
    with args -log multiplier.vds -m64 -product Vivado -mode batch -messageDb vivado.pb -notrace -source multiplier.tcl



****** Vivado v2022.2 (64-bit)
  **** SW Build 3671981 on Fri Oct 14 05:00:03 MDT 2022
  **** IP Build 3669848 on Fri Oct 14 08:30:02 MDT 2022
    ** Copyright 1986-2022 Xilinx, Inc. All Rights Reserved.

source multiplier.tcl -notrace
Command: read_checkpoint -auto_incremental -incremental C:/Users/yunxuan5/ECE385/lab4/lab4.srcs/utils_1/imports/synth_1/multiplier.dcp
INFO: [Vivado 12-5825] Read reference checkpoint from C:/Users/yunxuan5/ECE385/lab4/lab4.srcs/utils_1/imports/synth_1/multiplier.dcp for incremental synthesis
INFO: [Vivado 12-7989] Please ensure there are no constraint changes
Command: synth_design -top multiplier -part xc7s50csga324-1
Starting synth_design
Attempting to get a license for feature 'Synthesis' and/or device 'xc7s50'
INFO: [Common 17-349] Got license for feature 'Synthesis' and/or device 'xc7s50'
INFO: [Device 21-403] Loading part xc7s50csga324-1
INFO: [Designutils 20-5440] No compile time benefit to using incremental synthesis; A full resynthesis will be run
INFO: [Designutils 20-4379] Flow is switching to default flow due to incremental criteria not met. If you would like to alter this behaviour and have the flow terminate instead, please set the following parameter config_implementation {autoIncr.Synth.RejectBehavior Terminate}
INFO: [Synth 8-7079] Multithreading enabled for synth_design using a maximum of 2 processes.
INFO: [Synth 8-7078] Launching helper process for spawning children vivado processes
INFO: [Synth 8-7075] Helper process launched with PID 12076
INFO: [Synth 8-11241] undeclared symbol 'REGCCE', assumed default net type 'wire' [C:/Xilinx/Vivado/2022.2/data/verilog/src/unimacro/BRAM_SINGLE_MACRO.v:2170]
INFO: [Synth 8-11241] undeclared symbol 'Run_SH', assumed default net type 'wire' [C:/Users/yunxuan5/ECE385/lab4/lab4.srcs/sources_1/new/multiplier.sv:58]
INFO: [Synth 8-11241] undeclared symbol 'Din', assumed default net type 'wire' [C:/Users/yunxuan5/ECE385/lab4/lab4.srcs/sources_1/new/multiplier.sv:100]
INFO: [Synth 8-11241] undeclared symbol 'Din_S', assumed default net type 'wire' [C:/Users/yunxuan5/ECE385/lab4/lab4.srcs/sources_1/new/multiplier.sv:100]
---------------------------------------------------------------------------------
Starting RTL Elaboration : Time (s): cpu = 00:00:04 ; elapsed = 00:00:05 . Memory (MB): peak = 1810.852 ; gain = 409.281
---------------------------------------------------------------------------------
INFO: [Synth 8-6157] synthesizing module 'multiplier' [C:/Users/yunxuan5/ECE385/lab4/lab4.srcs/sources_1/new/multiplier.sv:23]
INFO: [Synth 8-6157] synthesizing module 'register_unit' [C:/Users/yunxuan5/ECE385/lab4/Register_unit.sv:1]
INFO: [Synth 8-6155] done synthesizing module 'register_unit' (0#1) [C:/Users/yunxuan5/ECE385/lab4/Register_unit.sv:1]
INFO: [Synth 8-6157] synthesizing module 'control' [C:/Users/yunxuan5/ECE385/lab4/Control.sv:3]
INFO: [Synth 8-155] case statement is not full and has no default [C:/Users/yunxuan5/ECE385/lab4/Control.sv:31]
INFO: [Synth 8-155] case statement is not full and has no default [C:/Users/yunxuan5/ECE385/lab4/Control.sv:71]
INFO: [Synth 8-6155] done synthesizing module 'control' (0#1) [C:/Users/yunxuan5/ECE385/lab4/Control.sv:3]
INFO: [Synth 8-6157] synthesizing module 'ripple_adder' [C:/Users/yunxuan5/ECE385/lab4/ripple_adder.sv:6]
INFO: [Synth 8-6157] synthesizing module 'full_adder' [C:/Users/yunxuan5/ECE385/lab4/ripple_adder.sv:1]
INFO: [Synth 8-6155] done synthesizing module 'full_adder' (0#1) [C:/Users/yunxuan5/ECE385/lab4/ripple_adder.sv:1]
INFO: [Synth 8-6155] done synthesizing module 'ripple_adder' (0#1) [C:/Users/yunxuan5/ECE385/lab4/ripple_adder.sv:6]
INFO: [Synth 8-6157] synthesizing module 'HexDriver' [C:/Users/yunxuan5/ECE385/lab4/HexDriver.sv:1]
INFO: [Synth 8-6157] synthesizing module 'nibble_to_hex' [C:/Users/yunxuan5/ECE385/lab4/HexDriver.sv:11]
INFO: [Synth 8-6155] done synthesizing module 'nibble_to_hex' (0#1) [C:/Users/yunxuan5/ECE385/lab4/HexDriver.sv:11]
INFO: [Synth 8-6157] synthesizing module 'nibble_to_hex' [C:/Users/yunxuan5/ECE385/lab4/HexDriver.sv:11]
INFO: [Synth 8-6155] done synthesizing module 'nibble_to_hex' (0#1) [C:/Users/yunxuan5/ECE385/lab4/HexDriver.sv:11]
INFO: [Synth 8-6157] synthesizing module 'nibble_to_hex' [C:/Users/yunxuan5/ECE385/lab4/HexDriver.sv:11]
INFO: [Synth 8-6155] done synthesizing module 'nibble_to_hex' (0#1) [C:/Users/yunxuan5/ECE385/lab4/HexDriver.sv:11]
INFO: [Synth 8-6157] synthesizing module 'nibble_to_hex' [C:/Users/yunxuan5/ECE385/lab4/HexDriver.sv:11]
INFO: [Synth 8-6155] done synthesizing module 'nibble_to_hex' (0#1) [C:/Users/yunxuan5/ECE385/lab4/HexDriver.sv:11]
INFO: [Synth 8-6155] done synthesizing module 'HexDriver' (0#1) [C:/Users/yunxuan5/ECE385/lab4/HexDriver.sv:1]
INFO: [Synth 8-6157] synthesizing module 'sync' [C:/Users/yunxuan5/ECE385/lab4/Synchronizers.sv:4]
INFO: [Synth 8-6155] done synthesizing module 'sync' (0#1) [C:/Users/yunxuan5/ECE385/lab4/Synchronizers.sv:4]
WARNING: [Synth 8-445] multiply driven output port connection 'q' in instance array 'Din_sync' [C:/Users/yunxuan5/ECE385/lab4/lab4.srcs/sources_1/new/multiplier.sv:100]
INFO: [Synth 8-6155] done synthesizing module 'multiplier' (0#1) [C:/Users/yunxuan5/ECE385/lab4/lab4.srcs/sources_1/new/multiplier.sv:23]
WARNING: [Synth 8-87] always_comb on 'next_state_reg' did not result in combinational logic [C:/Users/yunxuan5/ECE385/lab4/Control.sv:33]
WARNING: [Synth 8-87] always_comb on 'shift_counter_reg' did not result in combinational logic [C:/Users/yunxuan5/ECE385/lab4/Control.sv:44]
WARNING: [Synth 8-87] always_comb on 'do_add_reg' did not result in combinational logic [C:/Users/yunxuan5/ECE385/lab4/Control.sv:74]
WARNING: [Synth 8-87] always_comb on 'do_shift_reg' did not result in combinational logic [C:/Users/yunxuan5/ECE385/lab4/Control.sv:75]
WARNING: [Synth 8-87] always_comb on 'do_sub_reg' did not result in combinational logic [C:/Users/yunxuan5/ECE385/lab4/Control.sv:76]
WARNING: [Synth 8-87] always_comb on 'do_reset_reg' did not result in combinational logic [C:/Users/yunxuan5/ECE385/lab4/Control.sv:77]
WARNING: [Synth 8-87] always_comb on 'clear_A_reg' did not result in combinational logic [C:/Users/yunxuan5/ECE385/lab4/Control.sv:78]
WARNING: [Synth 8-3848] Net hex_segB in module/entity multiplier does not have driver. [C:/Users/yunxuan5/ECE385/lab4/lab4.srcs/sources_1/new/multiplier.sv:28]
WARNING: [Synth 8-3848] Net hex_gridB in module/entity multiplier does not have driver. [C:/Users/yunxuan5/ECE385/lab4/lab4.srcs/sources_1/new/multiplier.sv:29]
WARNING: [Synth 8-3848] Net Run_SH in module/entity multiplier does not have driver. [C:/Users/yunxuan5/ECE385/lab4/lab4.srcs/sources_1/new/multiplier.sv:58]
WARNING: [Synth 8-3848] Net Din in module/entity multiplier does not have driver. [C:/Users/yunxuan5/ECE385/lab4/lab4.srcs/sources_1/new/multiplier.sv:100]
WARNING: [Synth 8-7129] Port B[7] in module control is either unconnected or has no load
WARNING: [Synth 8-7129] Port B[6] in module control is either unconnected or has no load
WARNING: [Synth 8-7129] Port B[5] in module control is either unconnected or has no load
WARNING: [Synth 8-7129] Port B[4] in module control is either unconnected or has no load
WARNING: [Synth 8-7129] Port B[3] in module control is either unconnected or has no load
WARNING: [Synth 8-7129] Port B[2] in module control is either unconnected or has no load
WARNING: [Synth 8-7129] Port B[1] in module control is either unconnected or has no load
WARNING: [Synth 8-7129] Port hex_segB[7] in module multiplier is either unconnected or has no load
WARNING: [Synth 8-7129] Port hex_segB[6] in module multiplier is either unconnected or has no load
WARNING: [Synth 8-7129] Port hex_segB[5] in module multiplier is either unconnected or has no load
WARNING: [Synth 8-7129] Port hex_segB[4] in module multiplier is either unconnected or has no load
WARNING: [Synth 8-7129] Port hex_segB[3] in module multiplier is either unconnected or has no load
WARNING: [Synth 8-7129] Port hex_segB[2] in module multiplier is either unconnected or has no load
WARNING: [Synth 8-7129] Port hex_segB[1] in module multiplier is either unconnected or has no load
WARNING: [Synth 8-7129] Port hex_segB[0] in module multiplier is either unconnected or has no load
WARNING: [Synth 8-7129] Port hex_gridB[3] in module multiplier is either unconnected or has no load
WARNING: [Synth 8-7129] Port hex_gridB[2] in module multiplier is either unconnected or has no load
WARNING: [Synth 8-7129] Port hex_gridB[1] in module multiplier is either unconnected or has no load
WARNING: [Synth 8-7129] Port hex_gridB[0] in module multiplier is either unconnected or has no load
---------------------------------------------------------------------------------
Finished RTL Elaboration : Time (s): cpu = 00:00:06 ; elapsed = 00:00:06 . Memory (MB): peak = 1901.992 ; gain = 500.422
---------------------------------------------------------------------------------
---------------------------------------------------------------------------------
Start Handling Custom Attributes
---------------------------------------------------------------------------------
---------------------------------------------------------------------------------
Finished Handling Custom Attributes : Time (s): cpu = 00:00:06 ; elapsed = 00:00:06 . Memory (MB): peak = 1901.992 ; gain = 500.422
---------------------------------------------------------------------------------
---------------------------------------------------------------------------------
Finished RTL Optimization Phase 1 : Time (s): cpu = 00:00:06 ; elapsed = 00:00:06 . Memory (MB): peak = 1901.992 ; gain = 500.422
---------------------------------------------------------------------------------
Netlist sorting complete. Time (s): cpu = 00:00:00 ; elapsed = 00:00:00.002 . Memory (MB): peak = 1901.992 ; gain = 0.000
INFO: [Project 1-570] Preparing netlist for logic optimization

Processing XDC Constraints
Initializing timing engine
Parsing XDC File [//ad.uillinois.edu/engr-ews/yunxuan5/Downloads/lab3_provided_9_11/pin_assignment/top.xdc]
Finished Parsing XDC File [//ad.uillinois.edu/engr-ews/yunxuan5/Downloads/lab3_provided_9_11/pin_assignment/top.xdc]
INFO: [Project 1-236] Implementation specific constraints were found while reading constraint file [//ad.uillinois.edu/engr-ews/yunxuan5/Downloads/lab3_provided_9_11/pin_assignment/top.xdc]. These constraints will be ignored for synthesis but will be used in implementation. Impacted constraints are listed in the file [.Xil/multiplier_propImpl.xdc].
Resolution: To avoid this warning, move constraints listed in [.Xil/multiplier_propImpl.xdc] to another XDC file and exclude this new file from synthesis with the used_in_synthesis property (File Properties dialog in GUI) and re-run elaboration/synthesis.
Completed Processing XDC Constraints

Netlist sorting complete. Time (s): cpu = 00:00:00 ; elapsed = 00:00:00 . Memory (MB): peak = 1983.688 ; gain = 0.000
INFO: [Project 1-111] Unisim Transformation Summary:
No Unisim elements were transformed.

Constraint Validation Runtime : Time (s): cpu = 00:00:00 ; elapsed = 00:00:00.003 . Memory (MB): peak = 1983.688 ; gain = 0.000
INFO: [Designutils 20-5440] No compile time benefit to using incremental synthesis; A full resynthesis will be run
INFO: [Designutils 20-4379] Flow is switching to default flow due to incremental criteria not met. If you would like to alter this behaviour and have the flow terminate instead, please set the following parameter config_implementation {autoIncr.Synth.RejectBehavior Terminate}
INFO: [Synth 8-11241] undeclared symbol 'REGCCE', assumed default net type 'wire' [C:/Xilinx/Vivado/2022.2/data/verilog/src/unimacro/BRAM_SINGLE_MACRO.v:2170]
---------------------------------------------------------------------------------
Finished Constraint Validation : Time (s): cpu = 00:00:12 ; elapsed = 00:00:13 . Memory (MB): peak = 1983.688 ; gain = 582.117
---------------------------------------------------------------------------------
---------------------------------------------------------------------------------
Start Loading Part and Timing Information
---------------------------------------------------------------------------------
Loading part: xc7s50csga324-1
---------------------------------------------------------------------------------
Finished Loading Part and Timing Information : Time (s): cpu = 00:00:12 ; elapsed = 00:00:13 . Memory (MB): peak = 1983.688 ; gain = 582.117
---------------------------------------------------------------------------------
---------------------------------------------------------------------------------
Start Applying 'set_property' XDC Constraints
---------------------------------------------------------------------------------
---------------------------------------------------------------------------------
Finished applying 'set_property' XDC Constraints : Time (s): cpu = 00:00:12 ; elapsed = 00:00:13 . Memory (MB): peak = 1983.688 ; gain = 582.117
---------------------------------------------------------------------------------
INFO: [Synth 8-802] inferred FSM for state register 'current_state_reg' in module 'control'
WARNING: [Synth 8-327] inferring latch for variable 'do_add_reg' [C:/Users/yunxuan5/ECE385/lab4/Control.sv:74]
WARNING: [Synth 8-327] inferring latch for variable 'FSM_sequential_next_state_reg' [C:/Users/yunxuan5/ECE385/lab4/Control.sv:33]
WARNING: [Synth 8-327] inferring latch for variable 'FSM_onehot_next_state_reg' [C:/Users/yunxuan5/ECE385/lab4/Control.sv:33]
---------------------------------------------------------------------------------------------------
                   State |                     New Encoding |                Previous Encoding 
---------------------------------------------------------------------------------------------------
                   RESET |                              000 |                             0000
                    WAIT |                              001 |                             0101
                   START |                              010 |                             0110
                   SHIFT |                              011 |                             0010
                    DONE |                              100 |                             0100
                     SUB |                              101 |                             0011
                     ADD |                              110 |                             0001
---------------------------------------------------------------------------------------------------
INFO: [Synth 8-3354] encoded FSM with state register 'current_state_reg' using encoding 'sequential' in module 'control'
WARNING: [Synth 8-327] inferring latch for variable 'FSM_sequential_next_state_reg' [C:/Users/yunxuan5/ECE385/lab4/Control.sv:33]
WARNING: [Synth 8-327] inferring latch for variable 'do_shift_reg' [C:/Users/yunxuan5/ECE385/lab4/Control.sv:75]
WARNING: [Synth 8-327] inferring latch for variable 'do_sub_reg' [C:/Users/yunxuan5/ECE385/lab4/Control.sv:76]
WARNING: [Synth 8-327] inferring latch for variable 'do_reset_reg' [C:/Users/yunxuan5/ECE385/lab4/Control.sv:77]
WARNING: [Synth 8-327] inferring latch for variable 'clear_A_reg' [C:/Users/yunxuan5/ECE385/lab4/Control.sv:78]
WARNING: [Synth 8-327] inferring latch for variable 'shift_counter_reg' [C:/Users/yunxuan5/ECE385/lab4/Control.sv:44]
---------------------------------------------------------------------------------
Finished RTL Optimization Phase 2 : Time (s): cpu = 00:00:13 ; elapsed = 00:00:14 . Memory (MB): peak = 1983.688 ; gain = 582.117
---------------------------------------------------------------------------------
---------------------------------------------------------------------------------
Start RTL Component Statistics 
---------------------------------------------------------------------------------
Detailed RTL Component Info : 
+---Adders : 
	   2 Input    4 Bit       Adders := 1     
+---XORs : 
	   3 Input      1 Bit         XORs := 9     
+---Registers : 
	                8 Bit    Registers := 2     
	                1 Bit    Registers := 11    
+---Muxes : 
	   2 Input    9 Bit        Muxes := 1     
	   2 Input    8 Bit        Muxes := 4     
	   4 Input    8 Bit        Muxes := 1     
	   7 Input    4 Bit        Muxes := 2     
	   5 Input    4 Bit        Muxes := 1     
	   7 Input    3 Bit        Muxes := 1     
	   2 Input    3 Bit        Muxes := 4     
	   2 Input    1 Bit        Muxes := 8     
	   7 Input    1 Bit        Muxes := 9     
---------------------------------------------------------------------------------
Finished RTL Component Statistics 
---------------------------------------------------------------------------------
---------------------------------------------------------------------------------
Start Part Resource Summary
---------------------------------------------------------------------------------
Part Resources:
DSPs: 120 (col length:60)
BRAMs: 150 (col length: RAMB18 60 RAMB36 30)
---------------------------------------------------------------------------------
Finished Part Resource Summary
---------------------------------------------------------------------------------
---------------------------------------------------------------------------------
Start Cross Boundary and Area Optimization
---------------------------------------------------------------------------------
WARNING: [Synth 8-7080] Parallel synthesis criteria is not met
WARNING: [Synth 8-3917] design multiplier has port hex_segA[7] driven by constant 1
WARNING: [Synth 8-7129] Port hex_segB[7] in module multiplier is either unconnected or has no load
WARNING: [Synth 8-7129] Port hex_segB[6] in module multiplier is either unconnected or has no load
WARNING: [Synth 8-7129] Port hex_segB[5] in module multiplier is either unconnected or has no load
WARNING: [Synth 8-7129] Port hex_segB[4] in module multiplier is either unconnected or has no load
WARNING: [Synth 8-7129] Port hex_segB[3] in module multiplier is either unconnected or has no load
WARNING: [Synth 8-7129] Port hex_segB[2] in module multiplier is either unconnected or has no load
WARNING: [Synth 8-7129] Port hex_segB[1] in module multiplier is either unconnected or has no load
WARNING: [Synth 8-7129] Port hex_segB[0] in module multiplier is either unconnected or has no load
WARNING: [Synth 8-7129] Port hex_gridB[3] in module multiplier is either unconnected or has no load
WARNING: [Synth 8-7129] Port hex_gridB[2] in module multiplier is either unconnected or has no load
WARNING: [Synth 8-7129] Port hex_gridB[1] in module multiplier is either unconnected or has no load
WARNING: [Synth 8-7129] Port hex_gridB[0] in module multiplier is either unconnected or has no load
WARNING: [Synth 8-7129] Port Run in module multiplier is either unconnected or has no load
---------------------------------------------------------------------------------
Finished Cross Boundary and Area Optimization : Time (s): cpu = 00:00:15 ; elapsed = 00:00:16 . Memory (MB): peak = 1983.688 ; gain = 582.117
---------------------------------------------------------------------------------
---------------------------------------------------------------------------------
Start Applying XDC Timing Constraints
---------------------------------------------------------------------------------
---------------------------------------------------------------------------------
Finished Applying XDC Timing Constraints : Time (s): cpu = 00:00:20 ; elapsed = 00:00:21 . Memory (MB): peak = 1983.688 ; gain = 582.117
---------------------------------------------------------------------------------
---------------------------------------------------------------------------------
Start Timing Optimization
---------------------------------------------------------------------------------
---------------------------------------------------------------------------------
Finished Timing Optimization : Time (s): cpu = 00:00:21 ; elapsed = 00:00:22 . Memory (MB): peak = 1983.688 ; gain = 582.117
---------------------------------------------------------------------------------
---------------------------------------------------------------------------------
Start Technology Mapping
---------------------------------------------------------------------------------
---------------------------------------------------------------------------------
Finished Technology Mapping : Time (s): cpu = 00:00:21 ; elapsed = 00:00:22 . Memory (MB): peak = 1983.688 ; gain = 582.117
---------------------------------------------------------------------------------
---------------------------------------------------------------------------------
Start IO Insertion
---------------------------------------------------------------------------------
---------------------------------------------------------------------------------
Start Flattening Before IO Insertion
---------------------------------------------------------------------------------
---------------------------------------------------------------------------------
Finished Flattening Before IO Insertion
---------------------------------------------------------------------------------
---------------------------------------------------------------------------------
Start Final Netlist Cleanup
---------------------------------------------------------------------------------
---------------------------------------------------------------------------------
Finished Final Netlist Cleanup
---------------------------------------------------------------------------------
---------------------------------------------------------------------------------
Finished IO Insertion : Time (s): cpu = 00:00:25 ; elapsed = 00:00:26 . Memory (MB): peak = 1983.688 ; gain = 582.117
---------------------------------------------------------------------------------
---------------------------------------------------------------------------------
Start Renaming Generated Instances
---------------------------------------------------------------------------------
---------------------------------------------------------------------------------
Finished Renaming Generated Instances : Time (s): cpu = 00:00:25 ; elapsed = 00:00:26 . Memory (MB): peak = 1983.688 ; gain = 582.117
---------------------------------------------------------------------------------
---------------------------------------------------------------------------------
Start Rebuilding User Hierarchy
---------------------------------------------------------------------------------
---------------------------------------------------------------------------------
Finished Rebuilding User Hierarchy : Time (s): cpu = 00:00:25 ; elapsed = 00:00:26 . Memory (MB): peak = 1983.688 ; gain = 582.117
---------------------------------------------------------------------------------
---------------------------------------------------------------------------------
Start Renaming Generated Ports
---------------------------------------------------------------------------------
---------------------------------------------------------------------------------
Finished Renaming Generated Ports : Time (s): cpu = 00:00:25 ; elapsed = 00:00:26 . Memory (MB): peak = 1983.688 ; gain = 582.117
---------------------------------------------------------------------------------
---------------------------------------------------------------------------------
Start Handling Custom Attributes
---------------------------------------------------------------------------------
---------------------------------------------------------------------------------
Finished Handling Custom Attributes : Time (s): cpu = 00:00:25 ; elapsed = 00:00:26 . Memory (MB): peak = 1983.688 ; gain = 582.117
---------------------------------------------------------------------------------
---------------------------------------------------------------------------------
Start Renaming Generated Nets
---------------------------------------------------------------------------------
---------------------------------------------------------------------------------
Finished Renaming Generated Nets : Time (s): cpu = 00:00:25 ; elapsed = 00:00:26 . Memory (MB): peak = 1983.688 ; gain = 582.117
---------------------------------------------------------------------------------
---------------------------------------------------------------------------------
Start Writing Synthesis Report
---------------------------------------------------------------------------------

Report BlackBoxes: 
+-+--------------+----------+
| |BlackBox name |Instances |
+-+--------------+----------+
+-+--------------+----------+

Report Cell Usage: 
+------+-------+------+
|      |Cell   |Count |
+------+-------+------+
|1     |BUFG   |     1|
|2     |CARRY4 |     5|
|3     |LUT1   |     1|
|4     |LUT2   |    14|
|5     |LUT3   |    26|
|6     |LUT4   |    18|
|7     |LUT5   |    11|
|8     |LUT6   |    32|
|9     |FDRE   |    38|
|10    |LD     |    12|
|11    |IBUF   |    10|
|12    |OBUF   |    12|
|13    |OBUFT  |    12|
+------+-------+------+
---------------------------------------------------------------------------------
Finished Writing Synthesis Report : Time (s): cpu = 00:00:25 ; elapsed = 00:00:26 . Memory (MB): peak = 1983.688 ; gain = 582.117
---------------------------------------------------------------------------------
Synthesis finished with 0 errors, 0 critical warnings and 24 warnings.
Synthesis Optimization Runtime : Time (s): cpu = 00:00:18 ; elapsed = 00:00:25 . Memory (MB): peak = 1983.688 ; gain = 500.422
Synthesis Optimization Complete : Time (s): cpu = 00:00:25 ; elapsed = 00:00:26 . Memory (MB): peak = 1983.688 ; gain = 582.117
INFO: [Project 1-571] Translating synthesized netlist
Netlist sorting complete. Time (s): cpu = 00:00:00 ; elapsed = 00:00:00.001 . Memory (MB): peak = 1983.688 ; gain = 0.000
INFO: [Netlist 29-17] Analyzing 17 Unisim elements for replacement
INFO: [Netlist 29-28] Unisim Transformation completed in 0 CPU seconds
INFO: [Project 1-570] Preparing netlist for logic optimization
INFO: [Opt 31-138] Pushed 0 inverter(s) to 0 load pin(s).
Netlist sorting complete. Time (s): cpu = 00:00:00 ; elapsed = 00:00:00 . Memory (MB): peak = 1983.688 ; gain = 0.000
INFO: [Project 1-111] Unisim Transformation Summary:
  A total of 12 instances were transformed.
  LD => LDCE: 12 instances

Synth Design complete, checksum: 9c0d8e50
INFO: [Common 17-83] Releasing license: Synthesis
52 Infos, 55 Warnings, 0 Critical Warnings and 0 Errors encountered.
synth_design completed successfully
synth_design: Time (s): cpu = 00:00:29 ; elapsed = 00:00:31 . Memory (MB): peak = 1983.688 ; gain = 956.812
INFO: [Common 17-1381] The checkpoint 'C:/Users/yunxuan5/ECE385/lab4/lab4.runs/synth_1/multiplier.dcp' has been generated.
INFO: [runtcl-4] Executing : report_utilization -file multiplier_utilization_synth.rpt -pb multiplier_utilization_synth.pb
INFO: [Common 17-206] Exiting Vivado at Wed Sep 20 23:36:00 2023...
