INFO: [VRFC 10-2263] Analyzing SystemVerilog file "E:/ECE385/lab2.2/lab2.2/lab2.2.srcs/sources_1/imports/design_source/Control.sv" into library xil_defaultlib
INFO: [VRFC 10-311] analyzing module control
INFO: [VRFC 10-2263] Analyzing SystemVerilog file "E:/ECE385/lab2.2/lab2.2/lab2.2.srcs/sources_1/imports/design_source/HexDriver.sv" into library xil_defaultlib
INFO: [VRFC 10-311] analyzing module HexDriver
INFO: [VRFC 10-311] analyzing module nibble_to_hex
INFO: [VRFC 10-2263] Analyzing SystemVerilog file "E:/ECE385/lab2.2/lab2.2/lab2.2.srcs/sources_1/imports/design_source/Processor.sv" into library xil_defaultlib
INFO: [VRFC 10-311] analyzing module Processor
INFO: [VRFC 10-2263] Analyzing SystemVerilog file "E:/ECE385/lab2.2/lab2.2/lab2.2.srcs/sources_1/imports/design_source/Reg_4.sv" into library xil_defaultlib
INFO: [VRFC 10-311] analyzing module reg_8
INFO: [VRFC 10-2263] Analyzing SystemVerilog file "E:/ECE385/lab2.2/lab2.2/lab2.2.srcs/sources_1/imports/design_source/Register_unit.sv" into library xil_defaultlib
INFO: [VRFC 10-311] analyzing module register_unit
INFO: [VRFC 10-2263] Analyzing SystemVerilog file "E:/ECE385/lab2.2/lab2.2/lab2.2.srcs/sources_1/imports/design_source/Router.sv" into library xil_defaultlib
INFO: [VRFC 10-311] analyzing module router
INFO: [VRFC 10-2263] Analyzing SystemVerilog file "E:/ECE385/lab2.2/lab2.2/lab2.2.srcs/sources_1/imports/design_source/Synchronizers.sv" into library xil_defaultlib
INFO: [VRFC 10-311] analyzing module sync
INFO: [VRFC 10-311] analyzing module sync_r0
INFO: [VRFC 10-311] analyzing module sync_r1
INFO: [VRFC 10-2263] Analyzing SystemVerilog file "E:/ECE385/lab2.2/lab2.2/lab2.2.srcs/sources_1/imports/design_source/compute.sv" into library xil_defaultlib
INFO: [VRFC 10-311] analyzing module compute
INFO: [VRFC 10-2263] Analyzing SystemVerilog file "E:/ECE385/lab2.2/lab2.2/lab2.2.srcs/sim_1/imports/sim_source/testbench_8.sv" into library xil_defaultlib
INFO: [VRFC 10-311] analyzing module testbench
INFO: [VRFC 10-2263] Analyzing Verilog file "E:/ECE385/lab2.2/lab2.2/lab2.2.sim/sim_1/behav/xsim/glbl.v" into library xil_defaultlib
INFO: [VRFC 10-311] analyzing module glbl
